Log file open, 04/13/20 08:17:48
LogWindows: Failed to load 'aqProf.dll' (GetLastError=126)
LogWindows: File 'aqProf.dll' does not exist
LogWindows: Failed to load 'VtuneApi.dll' (GetLastError=126)
LogWindows: File 'VtuneApi.dll' does not exist
LogWindows: Failed to load 'VtuneApi32e.dll' (GetLastError=126)
LogWindows: File 'VtuneApi32e.dll' does not exist
LogConsoleResponse: Display: Failed to find resolution value strings in scalability ini. Falling back to default.
LogInit: Display: Running engine for game: ALS-WC
LogPlatformFile: Not using cached read wrapper
LogTaskGraph: Started task graph with 5 named threads and 47 total threads with 3 sets of task threads.
LogStats: Stats thread started at 0.090237
LogD3D11RHI: Loaded GFSDK_Aftermath_Lib.x64.dll
LogICUInternationalization: ICU TimeZone Detection - Raw Offset: +2:00, Platform Override: ''
LogPluginManager: Mounting plugin Paper2D
LogPluginManager: Mounting plugin AISupport
LogPluginManager: Mounting plugin LightPropagationVolume
LogPluginManager: Mounting plugin ActorLayerUtilities
LogPluginManager: Mounting plugin AnimationSharing
LogPluginManager: Mounting plugin CLionSourceCodeAccess
LogPluginManager: Mounting plugin CodeLiteSourceCodeAccess
LogPluginManager: Mounting plugin GitSourceControl
LogPluginManager: Mounting plugin KDevelopSourceCodeAccess
LogPluginManager: Mounting plugin NullSourceCodeAccess
LogPluginManager: Mounting plugin PerforceSourceControl
LogPluginManager: Mounting plugin SubversionSourceControl
LogPluginManager: Mounting plugin UObjectPlugin
LogPluginManager: Mounting plugin VisualStudioCodeSourceCodeAccess
LogPluginManager: Mounting plugin VisualStudioSourceCodeAccess
LogPluginManager: Mounting plugin XCodeSourceCodeAccess
LogPluginManager: Mounting plugin AssetManagerEditor
LogPluginManager: Mounting plugin CryptoKeys
LogPluginManager: Mounting plugin CurveEditorTools
LogPluginManager: Mounting plugin DataValidation
LogPluginManager: Mounting plugin EditorScriptingUtilities
LogPluginManager: Mounting plugin FacialAnimation
LogPluginManager: Mounting plugin GameplayTagsEditor
LogPluginManager: Mounting plugin MacGraphicsSwitching
LogPluginManager: Mounting plugin MaterialAnalyzer
LogPluginManager: Mounting plugin MobileLauncherProfileWizard
LogPluginManager: Mounting plugin PluginBrowser
LogPluginManager: Mounting plugin SpeedTreeImporter
LogPluginManager: Mounting plugin DatasmithContent
LogPluginManager: Mounting plugin VariantManagerContent
LogPluginManager: Mounting plugin AlembicImporter
LogPluginManager: Mounting plugin AutomationUtils
LogPluginManager: Mounting plugin BackChannel
LogPluginManager: Mounting plugin CharacterAI
LogPluginManager: Mounting plugin GeometryCache
LogPluginManager: Mounting plugin HTML5Networking
LogPluginManager: Mounting plugin PlatformCrypto
LogPluginManager: Mounting plugin ProxyLODPlugin
LogPluginManager: Mounting plugin PythonScriptPlugin
LogPluginManager: Mounting plugin SkeletalReduction
LogPluginManager: Mounting plugin MagicLeap
LogPluginManager: Mounting plugin MagicLeapMedia
LogPluginManager: Mounting plugin AndroidMedia
LogPluginManager: Mounting plugin AvfMedia
LogPluginManager: Mounting plugin ImgMedia
LogPluginManager: Mounting plugin MediaCompositing
LogPluginManager: Mounting plugin MediaPlayerEditor
LogPluginManager: Mounting plugin WebMMedia
LogPluginManager: Mounting plugin WmfMedia
LogPluginManager: Mounting plugin MegascansPlugin
LogPluginManager: Mounting plugin TcpMessaging
LogPluginManager: Mounting plugin UdpMessaging
LogPluginManager: Mounting plugin ActorSequence
LogPluginManager: Mounting plugin LevelSequenceEditor
LogPluginManager: Mounting plugin MatineeToLevelSequence
LogPluginManager: Mounting plugin NetcodeUnitTest
LogPluginManager: Mounting plugin NUTUnrealEngine4
LogPluginManager: Mounting plugin OnlineSubsystemGooglePlay
LogPluginManager: Mounting plugin OnlineSubsystemIOS
LogPluginManager: Mounting plugin OnlineSubsystem
LogPluginManager: Mounting plugin OnlineSubsystemNull
LogPluginManager: Mounting plugin OnlineSubsystemUtils
LogPluginManager: Mounting plugin LauncherChunkInstaller
LogPluginManager: Mounting plugin AndroidDeviceProfileSelector
LogPluginManager: Mounting plugin AndroidMoviePlayer
LogPluginManager: Mounting plugin AndroidPermission
LogPluginManager: Mounting plugin AppleImageUtils
LogPluginManager: Mounting plugin AppleMoviePlayer
LogPluginManager: Mounting plugin ArchVisCharacter
LogPluginManager: Mounting plugin AudioCapture
LogPluginManager: Mounting plugin CableComponent
LogPluginManager: Mounting plugin CustomMeshComponent
LogPluginManager: Mounting plugin EditableMesh
LogPluginManager: Mounting plugin ExampleDeviceProfileSelector
LogPluginManager: Mounting plugin GoogleCloudMessaging
LogPluginManager: Mounting plugin IOSDeviceProfileSelector
LogPluginManager: Mounting plugin LinuxDeviceProfileSelector
LogPluginManager: Mounting plugin LocationServicesBPLibrary
LogPluginManager: Mounting plugin MobilePatchingUtils
LogPluginManager: Mounting plugin OculusVR
LogPluginManager: Mounting plugin PhysXVehicles
LogPluginManager: Mounting plugin ProceduralMeshComponent
LogPluginManager: Mounting plugin RuntimePhysXCooking
LogPluginManager: Mounting plugin SignificanceManager
LogPluginManager: Mounting plugin SteamVR
LogPluginManager: Mounting plugin WebMMoviePlayer
LogPluginManager: Mounting plugin WindowsMoviePlayer
LogPluginManager: Mounting plugin ScreenshotTools
LogInit: Using libcurl 7.55.1-DEV
LogInit:  - built for x86_64-pc-win32
LogInit:  - supports SSL with OpenSSL/1.1.1
LogInit:  - supports HTTP deflate (compression) using libz 1.2.8
LogInit:  - other features:
LogInit:      CURL_VERSION_SSL
LogInit:      CURL_VERSION_LIBZ
LogInit:      CURL_VERSION_IPV6
LogInit:      CURL_VERSION_ASYNCHDNS
LogInit:      CURL_VERSION_LARGEFILE
LogInit:      CURL_VERSION_IDN
LogInit:  CurlRequestOptions (configurable via config and command line):
LogInit:  - bVerifyPeer = true  - Libcurl will verify peer certificate
LogInit:  - bUseHttpProxy = false  - Libcurl will NOT use HTTP proxy
LogInit:  - bDontReuseConnections = false  - Libcurl will reuse connections
LogInit:  - MaxHostConnections = 16  - Libcurl will limit the number of connections to a host
LogInit:  - LocalHostAddr = Default
LogInit:  - BufferSize = 65536
LogOnline: OSS: Creating online subsystem instance for: NULL
LogInit: WinSock: version 1.1 (2.2), MaxSocks=32767, MaxUdp=65467
LogInit: Build: ++UE4+Release-4.23-CL-9631420
LogInit: Engine Version: 4.23.1-9631420+++UE4+Release-4.23
LogInit: Compatible Engine Version: 4.23.0-8386587+++UE4+Release-4.23
LogInit: Net CL: 8386587
LogInit: OS: Windows 10 (Release 1903) (), CPU: AMD Ryzen 7 2700X Eight-Core Processor         , GPU: Radeon RX 580 Series
LogInit: Compiled (64-bit): Oct 18 2019 02:07:44
LogInit: Compiled with Visual C++: 19.16.27030.01
LogInit: Build Configuration: Development
LogInit: Branch Name: ++UE4+Release-4.23
LogInit: Command Line: 
LogInit: Base Directory: C:/Program Files/Epic Games/UE_4.23/Engine/Binaries/Win64/
LogInit: Installed Engine Build: 1
LogDevObjectVersion: Number of dev versions registered: 23
LogDevObjectVersion:   Dev-Blueprints (B0D832E4-1F89-4F0D-ACCF-7EB736FD4AA2): 10
LogDevObjectVersion:   Dev-Build (E1C64328-A22C-4D53-A36C-8E866417BD8C): 0
LogDevObjectVersion:   Dev-Core (375EC13C-06E4-48FB-B500-84F0262A717E): 3
LogDevObjectVersion:   Dev-Editor (E4B068ED-F494-42E9-A231-DA0B2E46BB41): 34
LogDevObjectVersion:   Dev-Framework (CFFC743F-43B0-4480-9391-14DF171D2073): 35
LogDevObjectVersion:   Dev-Mobile (B02B49B5-BB20-44E9-A304-32B752E40360): 2
LogDevObjectVersion:   Dev-Networking (A4E4105C-59A1-49B5-A7C5-40C4547EDFEE): 0
LogDevObjectVersion:   Dev-Online (39C831C9-5AE6-47DC-9A44-9C173E1C8E7C): 0
LogDevObjectVersion:   Dev-Physics (78F01B33-EBEA-4F98-B9B4-84EACCB95AA2): 0
LogDevObjectVersion:   Dev-Platform (6631380F-2D4D-43E0-8009-CF276956A95A): 0
LogDevObjectVersion:   Dev-Rendering (12F88B9F-8875-4AFC-A67C-D90C383ABD29): 31
LogDevObjectVersion:   Dev-Sequencer (7B5AE74C-D270-4C10-A958-57980B212A5A): 11
LogDevObjectVersion:   Dev-VR (D7296918-1DD6-4BDD-9DE2-64A83CC13884): 2
LogDevObjectVersion:   Dev-LoadTimes (C2A15278-BFE7-4AFE-6C17-90FF531DF755): 1
LogDevObjectVersion:   Private-Geometry (6EACA3D4-40EC-4CC1-B786-8BED09428FC5): 3
LogDevObjectVersion:   Dev-AnimPhys (29E575DD-E0A3-4627-9D10-D276232CDCEA): 17
LogDevObjectVersion:   Dev-Anim (AF43A65D-7FD3-4947-9873-3E8ED9C1BB05): 2
LogDevObjectVersion:   Dev-ReflectionCapture (6B266CEC-1EC7-4B8F-A30B-E4D90942FC07): 1
LogDevObjectVersion:   Dev-Automation (0DF73D61-A23F-47EA-B727-89E90C41499A): 1
LogDevObjectVersion:   FortniteMain (601D1886-AC64-4F84-AA16-D3DE0DEAC7D6): 27
LogDevObjectVersion:   Dev-Enterprise (9DFFBCD6-494F-0158-E221-12823C92A888): 6
LogDevObjectVersion:   Dev-Niagara (F2AED0AC-9AFE-416F-8664-AA7FFA26D6FC): 1
LogDevObjectVersion:   Dev-Destruction (174F1F0B-B4C6-45A5-B13F-2EE8D0FB917D): 9
LogInit: Presizing for max 16777216 objects, including 0 objects not considered by GC, pre-allocating 0 bytes for permanent pool.
LogInit: Object subsystem initialized
LogConfig: Setting CVar [[con.DebugEarlyDefault:1]]
LogConfig: Setting CVar [[r.setres:1280x720]]
[2020.04.13-06.17.49:251][  0]LogConfig: Setting CVar [[r.VSync:0]]
[2020.04.13-06.17.49:251][  0]LogConfig: Setting CVar [[r.RHICmdBypass:0]]
[2020.04.13-06.17.49:251][  0]LogConfig: Applying CVar settings from Section [/Script/Engine.RendererSettings] File [C:/Users/20109/Documents/Unreal Projects/ALS-Weapon-Component/Saved/Config/Windows/Engine.ini]
[2020.04.13-06.17.49:251][  0]LogConfig: Setting CVar [[r.GPUCrashDebugging:0]]
[2020.04.13-06.17.49:251][  0]LogConfig: Setting CVar [[r.DefaultFeature.MotionBlur:0]]
[2020.04.13-06.17.49:251][  0]LogConfig: Setting CVar [[r.DefaultFeature.AntiAliasing:1]]
[2020.04.13-06.17.49:251][  0]LogConfig: Applying CVar settings from Section [/Script/Engine.RendererOverrideSettings] File [C:/Users/20109/Documents/Unreal Projects/ALS-Weapon-Component/Saved/Config/Windows/Engine.ini]
[2020.04.13-06.17.49:251][  0]LogConfig: Applying CVar settings from Section [/Script/Engine.StreamingSettings] File [C:/Users/20109/Documents/Unreal Projects/ALS-Weapon-Component/Saved/Config/Windows/Engine.ini]
[2020.04.13-06.17.49:251][  0]LogConfig: Setting CVar [[s.MinBulkDataSizeForAsyncLoading:131072]]
[2020.04.13-06.17.49:251][  0]LogConfig: Setting CVar [[s.AsyncLoadingThreadEnabled:0]]
[2020.04.13-06.17.49:251][  0]LogConfig: Setting CVar [[s.EventDrivenLoaderEnabled:1]]
[2020.04.13-06.17.49:251][  0]LogConfig: Setting CVar [[s.WarnIfTimeLimitExceeded:0]]
[2020.04.13-06.17.49:251][  0]LogConfig: Setting CVar [[s.TimeLimitExceededMultiplier:1.5]]
[2020.04.13-06.17.49:251][  0]LogConfig: Setting CVar [[s.TimeLimitExceededMinTime:0.005]]
[2020.04.13-06.17.49:251][  0]LogConfig: Setting CVar [[s.UseBackgroundLevelStreaming:1]]
[2020.04.13-06.17.49:251][  0]LogConfig: Setting CVar [[s.PriorityAsyncLoadingExtraTime:15.0]]
[2020.04.13-06.17.49:251][  0]LogConfig: Setting CVar [[s.LevelStreamingActorsUpdateTimeLimit:5.0]]
[2020.04.13-06.17.49:251][  0]LogConfig: Setting CVar [[s.PriorityLevelStreamingActorsUpdateExtraTime:5.0]]
[2020.04.13-06.17.49:251][  0]LogConfig: Setting CVar [[s.LevelStreamingComponentsRegistrationGranularity:10]]
[2020.04.13-06.17.49:251][  0]LogConfig: Setting CVar [[s.UnregisterComponentsTimeLimit:1.0]]
[2020.04.13-06.17.49:251][  0]LogConfig: Setting CVar [[s.LevelStreamingComponentsUnregistrationGranularity:5]]
[2020.04.13-06.17.49:251][  0]LogConfig: Applying CVar settings from Section [/Script/Engine.GarbageCollectionSettings] File [C:/Users/20109/Documents/Unreal Projects/ALS-Weapon-Component/Saved/Config/Windows/Engine.ini]
[2020.04.13-06.17.49:251][  0]LogConfig: Setting CVar [[gc.MaxObjectsNotConsideredByGC:1]]
[2020.04.13-06.17.49:252][  0]LogConfig: Setting CVar [[gc.SizeOfPermanentObjectPool:0]]
[2020.04.13-06.17.49:252][  0]LogConfig: Setting CVar [[gc.FlushStreamingOnGC:0]]
[2020.04.13-06.17.49:252][  0]LogConfig: Setting CVar [[gc.NumRetriesBeforeForcingGC:10]]
[2020.04.13-06.17.49:252][  0]LogConfig: Setting CVar [[gc.AllowParallelGC:1]]
[2020.04.13-06.17.49:252][  0]LogConfig: Setting CVar [[gc.TimeBetweenPurgingPendingKillObjects:61.1]]
[2020.04.13-06.17.49:252][  0]LogConfig: Setting CVar [[gc.MaxObjectsInEditor:16777216]]
[2020.04.13-06.17.49:252][  0]LogConfig: Setting CVar [[gc.IncrementalBeginDestroyEnabled:1]]
[2020.04.13-06.17.49:252][  0]LogConfig: Setting CVar [[gc.CreateGCClusters:1]]
[2020.04.13-06.17.49:252][  0]LogConfig: Setting CVar [[gc.MinGCClusterSize:5]]
[2020.04.13-06.17.49:252][  0]LogConfig: Setting CVar [[gc.ActorClusteringEnabled:0]]
[2020.04.13-06.17.49:252][  0]LogConfig: Setting CVar [[gc.BlueprintClusteringEnabled:0]]
[2020.04.13-06.17.49:252][  0]LogConfig: Setting CVar [[gc.UseDisregardForGCOnDedicatedServers:0]]
[2020.04.13-06.17.49:252][  0]LogConfig: Applying CVar settings from Section [/Script/Engine.NetworkSettings] File [C:/Users/20109/Documents/Unreal Projects/ALS-Weapon-Component/Saved/Config/Windows/Engine.ini]
[2020.04.13-06.17.49:252][  0]LogConfig: Applying CVar settings from Section [/Script/UnrealEd.CookerSettings] File [C:/Users/20109/Documents/Unreal Projects/ALS-Weapon-Component/Saved/Config/Windows/Engine.ini]
[2020.04.13-06.17.49:260][  0]LogConfig: Applying CVar settings from Section [ViewDistanceQuality@3] File [C:/Users/20109/Documents/Unreal Projects/ALS-Weapon-Component/Saved/Config/Windows/Scalability.ini]
[2020.04.13-06.17.49:260][  0]LogConfig: Setting CVar [[r.SkeletalMeshLODBias:0]]
[2020.04.13-06.17.49:260][  0]LogConfig: Setting CVar [[r.ViewDistanceScale:1.0]]
[2020.04.13-06.17.49:260][  0]LogConfig: Applying CVar settings from Section [AntiAliasingQuality@3] File [C:/Users/20109/Documents/Unreal Projects/ALS-Weapon-Component/Saved/Config/Windows/Scalability.ini]
[2020.04.13-06.17.49:260][  0]LogConfig: Setting CVar [[r.PostProcessAAQuality:4]]
[2020.04.13-06.17.49:260][  0]LogConfig: Applying CVar settings from Section [ShadowQuality@3] File [C:/Users/20109/Documents/Unreal Projects/ALS-Weapon-Component/Saved/Config/Windows/Scalability.ini]
[2020.04.13-06.17.49:260][  0]LogConfig: Setting CVar [[r.LightFunctionQuality:1]]
[2020.04.13-06.17.49:260][  0]LogConfig: Setting CVar [[r.ShadowQuality:5]]
[2020.04.13-06.17.49:260][  0]LogConfig: Setting CVar [[r.Shadow.CSM.MaxCascades:10]]
[2020.04.13-06.17.49:260][  0]LogConfig: Setting CVar [[r.Shadow.MaxResolution:2048]]
[2020.04.13-06.17.49:260][  0]LogConfig: Setting CVar [[r.Shadow.MaxCSMResolution:2048]]
[2020.04.13-06.17.49:260][  0]LogConfig: Setting CVar [[r.Shadow.RadiusThreshold:0.01]]
[2020.04.13-06.17.49:260][  0]LogConfig: Setting CVar [[r.Shadow.DistanceScale:1.0]]
[2020.04.13-06.17.49:260][  0]LogConfig: Setting CVar [[r.Shadow.CSM.TransitionScale:1.0]]
[2020.04.13-06.17.49:260][  0]LogConfig: Setting CVar [[r.Shadow.PreShadowResolutionFactor:1.0]]
[2020.04.13-06.17.49:260][  0]LogConfig: Setting CVar [[r.DistanceFieldShadowing:1]]
[2020.04.13-06.17.49:260][  0]LogConfig: Setting CVar [[r.DistanceFieldAO:1]]
[2020.04.13-06.17.49:260][  0]LogConfig: Setting CVar [[r.AOQuality:2]]
[2020.04.13-06.17.49:260][  0]LogConfig: Setting CVar [[r.VolumetricFog:1]]
[2020.04.13-06.17.49:260][  0]LogConfig: Setting CVar [[r.VolumetricFog.GridPixelSize:8]]
[2020.04.13-06.17.49:260][  0]LogConfig: Setting CVar [[r.VolumetricFog.GridSizeZ:128]]
[2020.04.13-06.17.49:260][  0]LogConfig: Setting CVar [[r.VolumetricFog.HistoryMissSupersampleCount:4]]
[2020.04.13-06.17.49:260][  0]LogConfig: Setting CVar [[r.LightMaxDrawDistanceScale:1]]
[2020.04.13-06.17.49:260][  0]LogConfig: Setting CVar [[r.CapsuleShadows:1]]
[2020.04.13-06.17.49:260][  0]LogConfig: Applying CVar settings from Section [PostProcessQuality@3] File [C:/Users/20109/Documents/Unreal Projects/ALS-Weapon-Component/Saved/Config/Windows/Scalability.ini]
[2020.04.13-06.17.49:260][  0]LogConfig: Setting CVar [[r.MotionBlurQuality:4]]
[2020.04.13-06.17.49:260][  0]LogConfig: Setting CVar [[r.AmbientOcclusionMipLevelFactor:0.4]]
[2020.04.13-06.17.49:260][  0]LogConfig: Setting CVar [[r.AmbientOcclusionMaxQuality:100]]
[2020.04.13-06.17.49:260][  0]LogConfig: Setting CVar [[r.AmbientOcclusionLevels:-1]]
[2020.04.13-06.17.49:260][  0]LogConfig: Setting CVar [[r.AmbientOcclusionRadiusScale:1.0]]
[2020.04.13-06.17.49:260][  0]LogConfig: Setting CVar [[r.DepthOfFieldQuality:2]]
[2020.04.13-06.17.49:260][  0]LogConfig: Setting CVar [[r.RenderTargetPoolMin:400]]
[2020.04.13-06.17.49:260][  0]LogConfig: Setting CVar [[r.LensFlareQuality:2]]
[2020.04.13-06.17.49:260][  0]LogConfig: Setting CVar [[r.SceneColorFringeQuality:1]]
[2020.04.13-06.17.49:260][  0]LogConfig: Setting CVar [[r.EyeAdaptationQuality:2]]
[2020.04.13-06.17.49:260][  0]LogConfig: Setting CVar [[r.BloomQuality:5]]
[2020.04.13-06.17.49:260][  0]LogConfig: Setting CVar [[r.FastBlurThreshold:100]]
[2020.04.13-06.17.49:260][  0]LogConfig: Setting CVar [[r.Upscale.Quality:3]]
[2020.04.13-06.17.49:260][  0]LogConfig: Setting CVar [[r.Tonemapper.GrainQuantization:1]]
[2020.04.13-06.17.49:260][  0]LogConfig: Setting CVar [[r.LightShaftQuality:1]]
[2020.04.13-06.17.49:260][  0]LogConfig: Setting CVar [[r.Filter.SizeScale:1]]
[2020.04.13-06.17.49:260][  0]LogConfig: Setting CVar [[r.Tonemapper.Quality:5]]
[2020.04.13-06.17.49:260][  0]LogConfig: Setting CVar [[r.DOF.Gather.AccumulatorQuality:1        ; higher gathering accumulator quality]]
[2020.04.13-06.17.49:260][  0]LogConfig: Setting CVar [[r.DOF.Gather.PostfilterMethod:1          ; Median3x3 postfilering method]]
[2020.04.13-06.17.49:260][  0]LogConfig: Setting CVar [[r.DOF.Gather.EnableBokehSettings:0       ; no bokeh simulation when gathering]]
[2020.04.13-06.17.49:260][  0]LogConfig: Setting CVar [[r.DOF.Gather.RingCount:4                 ; medium number of samples when gathering]]
[2020.04.13-06.17.49:260][  0]LogConfig: Setting CVar [[r.DOF.Scatter.ForegroundCompositing:1    ; additive foreground scattering]]
[2020.04.13-06.17.49:260][  0]LogConfig: Setting CVar [[r.DOF.Scatter.BackgroundCompositing:2    ; additive background scattering]]
[2020.04.13-06.17.49:260][  0]LogConfig: Setting CVar [[r.DOF.Scatter.EnableBokehSettings:1      ; bokeh simulation when scattering]]
[2020.04.13-06.17.49:260][  0]LogConfig: Setting CVar [[r.DOF.Scatter.MaxSpriteRatio:0.1         ; only a maximum of 10% of scattered bokeh]]
[2020.04.13-06.17.49:260][  0]LogConfig: Setting CVar [[r.DOF.Recombine.Quality:1                ; cheap slight out of focus]]
[2020.04.13-06.17.49:260][  0]LogConfig: Setting CVar [[r.DOF.Recombine.EnableBokehSettings:0    ; no bokeh simulation on slight out of focus]]
[2020.04.13-06.17.49:260][  0]LogConfig: Setting CVar [[r.DOF.TemporalAAQuality:1                ; more stable temporal accumulation]]
[2020.04.13-06.17.49:260][  0]LogConfig: Setting CVar [[r.DOF.Kernel.MaxForegroundRadius:0.025]]
[2020.04.13-06.17.49:260][  0]LogConfig: Setting CVar [[r.DOF.Kernel.MaxBackgroundRadius:0.025]]
[2020.04.13-06.17.49:261][  0]LogConfig: Applying CVar settings from Section [TextureQuality@3] File [C:/Users/20109/Documents/Unreal Projects/ALS-Weapon-Component/Saved/Config/Windows/Scalability.ini]
[2020.04.13-06.17.49:261][  0]LogConfig: Setting CVar [[r.Streaming.MipBias:0]]
[2020.04.13-06.17.49:261][  0]LogConfig: Setting CVar [[r.Streaming.AmortizeCPUToGPUCopy:0]]
[2020.04.13-06.17.49:261][  0]LogConfig: Setting CVar [[r.Streaming.MaxNumTexturesToStreamPerFrame:0]]
[2020.04.13-06.17.49:261][  0]LogConfig: Setting CVar [[r.Streaming.Boost:1]]
[2020.04.13-06.17.49:261][  0]LogConfig: Setting CVar [[r.MaxAnisotropy:8]]
[2020.04.13-06.17.49:261][  0]LogConfig: Setting CVar [[r.Streaming.LimitPoolSizeToVRAM:0]]
[2020.04.13-06.17.49:261][  0]LogConfig: Setting CVar [[r.Streaming.PoolSize:1000]]
[2020.04.13-06.17.49:261][  0]LogConfig: Setting CVar [[r.Streaming.MaxEffectiveScreenSize:0]]
[2020.04.13-06.17.49:261][  0]LogConfig: Applying CVar settings from Section [EffectsQuality@3] File [C:/Users/20109/Documents/Unreal Projects/ALS-Weapon-Component/Saved/Config/Windows/Scalability.ini]
[2020.04.13-06.17.49:261][  0]LogConfig: Setting CVar [[r.TranslucencyLightingVolumeDim:64]]
[2020.04.13-06.17.49:261][  0]LogConfig: Setting CVar [[r.RefractionQuality:2]]
[2020.04.13-06.17.49:261][  0]LogConfig: Setting CVar [[r.SSR.Quality:3]]
[2020.04.13-06.17.49:261][  0]LogConfig: Setting CVar [[r.SceneColorFormat:4]]
[2020.04.13-06.17.49:261][  0]LogConfig: Setting CVar [[r.DetailMode:2]]
[2020.04.13-06.17.49:261][  0]LogConfig: Setting CVar [[r.TranslucencyVolumeBlur:1]]
[2020.04.13-06.17.49:261][  0]LogConfig: Setting CVar [[r.MaterialQualityLevel:1 ; High quality]]
[2020.04.13-06.17.49:261][  0]LogConfig: Setting CVar [[r.SSS.Scale:1]]
[2020.04.13-06.17.49:261][  0]LogConfig: Setting CVar [[r.SSS.SampleSet:2]]
[2020.04.13-06.17.49:261][  0]LogConfig: Setting CVar [[r.SSS.Quality:1]]
[2020.04.13-06.17.49:261][  0]LogConfig: Setting CVar [[r.SSS.HalfRes:1]]
[2020.04.13-06.17.49:261][  0]LogConfig: Setting CVar [[r.EmitterSpawnRateScale:1.0]]
[2020.04.13-06.17.49:261][  0]LogConfig: Setting CVar [[r.ParticleLightQuality:2]]
[2020.04.13-06.17.49:261][  0]LogConfig: Applying CVar settings from Section [FoliageQuality@3] File [C:/Users/20109/Documents/Unreal Projects/ALS-Weapon-Component/Saved/Config/Windows/Scalability.ini]
[2020.04.13-06.17.49:261][  0]LogConfig: Setting CVar [[foliage.DensityScale:1.0]]
[2020.04.13-06.17.49:261][  0]LogConfig: Setting CVar [[grass.DensityScale:1.0]]
[2020.04.13-06.17.49:261][  0]LogInit: Selected Device Profile: [Windows]
[2020.04.13-06.17.49:261][  0]LogInit: Applying CVar settings loaded from the selected device profile: [Windows]
[2020.04.13-06.17.49:264][  0]LogHAL: Display: Platform has ~ 24 GB [25715621888 / 34359738368 / 24], which maps to Larger [LargestMinGB=32, LargerMinGB=12, DefaultMinGB=8, SmallerMinGB=6, SmallestMinGB=0)
[2020.04.13-06.17.49:264][  0]LogInit: Going up to parent DeviceProfile []
[2020.04.13-06.17.49:264][  0]LogConfig: Applying CVar settings from Section [ViewDistanceQuality@3] File [C:/Users/20109/Documents/Unreal Projects/ALS-Weapon-Component/Saved/Config/Windows/Scalability.ini]
[2020.04.13-06.17.49:264][  0]LogConfig: Setting CVar [[r.SkeletalMeshLODBias:0]]
[2020.04.13-06.17.49:264][  0]LogConfig: Setting CVar [[r.ViewDistanceScale:1.0]]
[2020.04.13-06.17.49:264][  0]LogConfig: Applying CVar settings from Section [AntiAliasingQuality@3] File [C:/Users/20109/Documents/Unreal Projects/ALS-Weapon-Component/Saved/Config/Windows/Scalability.ini]
[2020.04.13-06.17.49:264][  0]LogConfig: Setting CVar [[r.PostProcessAAQuality:4]]
[2020.04.13-06.17.49:264][  0]LogConfig: Applying CVar settings from Section [ShadowQuality@3] File [C:/Users/20109/Documents/Unreal Projects/ALS-Weapon-Component/Saved/Config/Windows/Scalability.ini]
[2020.04.13-06.17.49:264][  0]LogConfig: Setting CVar [[r.LightFunctionQuality:1]]
[2020.04.13-06.17.49:264][  0]LogConfig: Setting CVar [[r.ShadowQuality:5]]
[2020.04.13-06.17.49:264][  0]LogConfig: Setting CVar [[r.Shadow.CSM.MaxCascades:10]]
[2020.04.13-06.17.49:264][  0]LogConfig: Setting CVar [[r.Shadow.MaxResolution:2048]]
[2020.04.13-06.17.49:264][  0]LogConfig: Setting CVar [[r.Shadow.MaxCSMResolution:2048]]
[2020.04.13-06.17.49:264][  0]LogConfig: Setting CVar [[r.Shadow.RadiusThreshold:0.01]]
[2020.04.13-06.17.49:264][  0]LogConfig: Setting CVar [[r.Shadow.DistanceScale:1.0]]
[2020.04.13-06.17.49:264][  0]LogConfig: Setting CVar [[r.Shadow.CSM.TransitionScale:1.0]]
[2020.04.13-06.17.49:264][  0]LogConfig: Setting CVar [[r.Shadow.PreShadowResolutionFactor:1.0]]
[2020.04.13-06.17.49:264][  0]LogConfig: Setting CVar [[r.DistanceFieldShadowing:1]]
[2020.04.13-06.17.49:264][  0]LogConfig: Setting CVar [[r.DistanceFieldAO:1]]
[2020.04.13-06.17.49:264][  0]LogConfig: Setting CVar [[r.AOQuality:2]]
[2020.04.13-06.17.49:264][  0]LogConfig: Setting CVar [[r.VolumetricFog:1]]
[2020.04.13-06.17.49:264][  0]LogConfig: Setting CVar [[r.VolumetricFog.GridPixelSize:8]]
[2020.04.13-06.17.49:264][  0]LogConfig: Setting CVar [[r.VolumetricFog.GridSizeZ:128]]
[2020.04.13-06.17.49:264][  0]LogConfig: Setting CVar [[r.VolumetricFog.HistoryMissSupersampleCount:4]]
[2020.04.13-06.17.49:264][  0]LogConfig: Setting CVar [[r.LightMaxDrawDistanceScale:1]]
[2020.04.13-06.17.49:265][  0]LogConfig: Setting CVar [[r.CapsuleShadows:1]]
[2020.04.13-06.17.49:265][  0]LogConfig: Applying CVar settings from Section [PostProcessQuality@3] File [C:/Users/20109/Documents/Unreal Projects/ALS-Weapon-Component/Saved/Config/Windows/Scalability.ini]
[2020.04.13-06.17.49:265][  0]LogConfig: Setting CVar [[r.MotionBlurQuality:4]]
[2020.04.13-06.17.49:265][  0]LogConfig: Setting CVar [[r.AmbientOcclusionMipLevelFactor:0.4]]
[2020.04.13-06.17.49:265][  0]LogConfig: Setting CVar [[r.AmbientOcclusionMaxQuality:100]]
[2020.04.13-06.17.49:265][  0]LogConfig: Setting CVar [[r.AmbientOcclusionLevels:-1]]
[2020.04.13-06.17.49:265][  0]LogConfig: Setting CVar [[r.AmbientOcclusionRadiusScale:1.0]]
[2020.04.13-06.17.49:265][  0]LogConfig: Setting CVar [[r.DepthOfFieldQuality:2]]
[2020.04.13-06.17.49:265][  0]LogConfig: Setting CVar [[r.RenderTargetPoolMin:400]]
[2020.04.13-06.17.49:265][  0]LogConfig: Setting CVar [[r.LensFlareQuality:2]]
[2020.04.13-06.17.49:265][  0]LogConfig: Setting CVar [[r.SceneColorFringeQuality:1]]
[2020.04.13-06.17.49:265][  0]LogConfig: Setting CVar [[r.EyeAdaptationQuality:2]]
[2020.04.13-06.17.49:265][  0]LogConfig: Setting CVar [[r.BloomQuality:5]]
[2020.04.13-06.17.49:265][  0]LogConfig: Setting CVar [[r.FastBlurThreshold:100]]
[2020.04.13-06.17.49:265][  0]LogConfig: Setting CVar [[r.Upscale.Quality:3]]
[2020.04.13-06.17.49:265][  0]LogConfig: Setting CVar [[r.Tonemapper.GrainQuantization:1]]
[2020.04.13-06.17.49:265][  0]LogConfig: Setting CVar [[r.LightShaftQuality:1]]
[2020.04.13-06.17.49:265][  0]LogConfig: Setting CVar [[r.Filter.SizeScale:1]]
[2020.04.13-06.17.49:265][  0]LogConfig: Setting CVar [[r.Tonemapper.Quality:5]]
[2020.04.13-06.17.49:265][  0]LogConfig: Setting CVar [[r.DOF.Gather.AccumulatorQuality:1        ; higher gathering accumulator quality]]
[2020.04.13-06.17.49:265][  0]LogConfig: Setting CVar [[r.DOF.Gather.PostfilterMethod:1          ; Median3x3 postfilering method]]
[2020.04.13-06.17.49:265][  0]LogConfig: Setting CVar [[r.DOF.Gather.EnableBokehSettings:0       ; no bokeh simulation when gathering]]
[2020.04.13-06.17.49:265][  0]LogConfig: Setting CVar [[r.DOF.Gather.RingCount:4                 ; medium number of samples when gathering]]
[2020.04.13-06.17.49:265][  0]LogConfig: Setting CVar [[r.DOF.Scatter.ForegroundCompositing:1    ; additive foreground scattering]]
[2020.04.13-06.17.49:265][  0]LogConfig: Setting CVar [[r.DOF.Scatter.BackgroundCompositing:2    ; additive background scattering]]
[2020.04.13-06.17.49:265][  0]LogConfig: Setting CVar [[r.DOF.Scatter.EnableBokehSettings:1      ; bokeh simulation when scattering]]
[2020.04.13-06.17.49:265][  0]LogConfig: Setting CVar [[r.DOF.Scatter.MaxSpriteRatio:0.1         ; only a maximum of 10% of scattered bokeh]]
[2020.04.13-06.17.49:265][  0]LogConfig: Setting CVar [[r.DOF.Recombine.Quality:1                ; cheap slight out of focus]]
[2020.04.13-06.17.49:265][  0]LogConfig: Setting CVar [[r.DOF.Recombine.EnableBokehSettings:0    ; no bokeh simulation on slight out of focus]]
[2020.04.13-06.17.49:265][  0]LogConfig: Setting CVar [[r.DOF.TemporalAAQuality:1                ; more stable temporal accumulation]]
[2020.04.13-06.17.49:265][  0]LogConfig: Setting CVar [[r.DOF.Kernel.MaxForegroundRadius:0.025]]
[2020.04.13-06.17.49:265][  0]LogConfig: Setting CVar [[r.DOF.Kernel.MaxBackgroundRadius:0.025]]
[2020.04.13-06.17.49:265][  0]LogConfig: Applying CVar settings from Section [TextureQuality@3] File [C:/Users/20109/Documents/Unreal Projects/ALS-Weapon-Component/Saved/Config/Windows/Scalability.ini]
[2020.04.13-06.17.49:265][  0]LogConfig: Setting CVar [[r.Streaming.MipBias:0]]
[2020.04.13-06.17.49:265][  0]LogConfig: Setting CVar [[r.Streaming.AmortizeCPUToGPUCopy:0]]
[2020.04.13-06.17.49:265][  0]LogConfig: Setting CVar [[r.Streaming.MaxNumTexturesToStreamPerFrame:0]]
[2020.04.13-06.17.49:265][  0]LogConfig: Setting CVar [[r.Streaming.Boost:1]]
[2020.04.13-06.17.49:265][  0]LogConfig: Setting CVar [[r.MaxAnisotropy:8]]
[2020.04.13-06.17.49:265][  0]LogConfig: Setting CVar [[r.Streaming.LimitPoolSizeToVRAM:0]]
[2020.04.13-06.17.49:265][  0]LogConfig: Setting CVar [[r.Streaming.PoolSize:1000]]
[2020.04.13-06.17.49:265][  0]LogConfig: Setting CVar [[r.Streaming.MaxEffectiveScreenSize:0]]
[2020.04.13-06.17.49:265][  0]LogConfig: Applying CVar settings from Section [EffectsQuality@3] File [C:/Users/20109/Documents/Unreal Projects/ALS-Weapon-Component/Saved/Config/Windows/Scalability.ini]
[2020.04.13-06.17.49:265][  0]LogConfig: Setting CVar [[r.TranslucencyLightingVolumeDim:64]]
[2020.04.13-06.17.49:265][  0]LogConfig: Setting CVar [[r.RefractionQuality:2]]
[2020.04.13-06.17.49:265][  0]LogConfig: Setting CVar [[r.SSR.Quality:3]]
[2020.04.13-06.17.49:265][  0]LogConfig: Setting CVar [[r.SceneColorFormat:4]]
[2020.04.13-06.17.49:265][  0]LogConfig: Setting CVar [[r.DetailMode:2]]
[2020.04.13-06.17.49:265][  0]LogConfig: Setting CVar [[r.TranslucencyVolumeBlur:1]]
[2020.04.13-06.17.49:265][  0]LogConfig: Setting CVar [[r.MaterialQualityLevel:1 ; High quality]]
[2020.04.13-06.17.49:265][  0]LogConfig: Setting CVar [[r.SSS.Scale:1]]
[2020.04.13-06.17.49:265][  0]LogConfig: Setting CVar [[r.SSS.SampleSet:2]]
[2020.04.13-06.17.49:265][  0]LogConfig: Setting CVar [[r.SSS.Quality:1]]
[2020.04.13-06.17.49:265][  0]LogConfig: Setting CVar [[r.SSS.HalfRes:1]]
[2020.04.13-06.17.49:265][  0]LogConfig: Setting CVar [[r.EmitterSpawnRateScale:1.0]]
[2020.04.13-06.17.49:265][  0]LogConfig: Setting CVar [[r.ParticleLightQuality:2]]
[2020.04.13-06.17.49:265][  0]LogConfig: Applying CVar settings from Section [FoliageQuality@3] File [C:/Users/20109/Documents/Unreal Projects/ALS-Weapon-Component/Saved/Config/Windows/Scalability.ini]
[2020.04.13-06.17.49:265][  0]LogConfig: Setting CVar [[foliage.DensityScale:1.0]]
[2020.04.13-06.17.49:265][  0]LogConfig: Setting CVar [[grass.DensityScale:1.0]]
[2020.04.13-06.17.49:265][  0]LogConfig: Applying CVar settings from Section [Startup] File [../../../Engine/Config/ConsoleVariables.ini]
[2020.04.13-06.17.49:266][  0]LogConfig: Setting CVar [[net.UseAdaptiveNetUpdateFrequency:0]]
[2020.04.13-06.17.49:266][  0]LogConfig: Setting CVar [[p.chaos.AllowCreatePhysxBodies:1]]
[2020.04.13-06.17.49:266][  0]LogConfig: Applying CVar settings from Section [ConsoleVariables] File [C:/Users/20109/Documents/Unreal Projects/ALS-Weapon-Component/Saved/Config/Windows/Engine.ini]
[2020.04.13-06.17.49:266][  0]LogInit: Computer: DESKTOP-AM5AD1H
[2020.04.13-06.17.49:266][  0]LogInit: User: 20109
[2020.04.13-06.17.49:266][  0]LogInit: CPU Page size=4096, Cores=8
[2020.04.13-06.17.49:266][  0]LogInit: High frequency timer resolution =10.000000 MHz
[2020.04.13-06.17.49:266][  0]LogMemory: Memory total: Physical=23.9GB (24GB approx)
[2020.04.13-06.17.49:266][  0]LogMemory: Platform Memory Stats for Windows
[2020.04.13-06.17.49:266][  0]LogMemory: Process Physical Memory: 102.82 MB used, 102.82 MB peak
[2020.04.13-06.17.49:266][  0]LogMemory: Process Virtual Memory: 101.45 MB used, 101.45 MB peak
[2020.04.13-06.17.49:266][  0]LogMemory: Physical Memory: 9250.40 MB used,  15273.93 MB free, 24524.33 MB total
[2020.04.13-06.17.49:266][  0]LogMemory: Virtual Memory: 4706.35 MB used,  134213024.00 MB free, 134217728.00 MB total
[2020.04.13-06.17.49:269][  0]LogWindows: WindowsPlatformFeatures enabled
[2020.04.13-06.17.49:301][  0]LogInit: Using OS detected language (en-US).
[2020.04.13-06.17.49:301][  0]LogInit: Using OS detected locale (en-US).
[2020.04.13-06.17.49:302][  0]LogTextLocalizationManager: No specific localization for 'en-US' exists, so the 'en' localization will be used.
[2020.04.13-06.17.49:486][  0]LogInit: Setting process to per monitor DPI aware
[2020.04.13-06.17.49:537][  0]LogSlate: New Slate User Created.  User Index 0, Is Virtual User: 0
[2020.04.13-06.17.49:537][  0]LogSlate: Slate User Registered.  User Index 0, Is Virtual User: 0
[2020.04.13-06.17.49:765][  0]LogHMD: Failed to initialize OpenVR with code 110
[2020.04.13-06.17.49:765][  0]LogD3D11RHI: D3D11 adapters:
[2020.04.13-06.17.49:807][  0]LogD3D11RHI:    0. 'Radeon RX 580 Series' (Feature Level 11_0)
[2020.04.13-06.17.49:807][  0]LogD3D11RHI:       8171/0/12262 MB DedicatedVideo/DedicatedSystem/SharedSystem, Outputs:2, VendorId:0x1002
[2020.04.13-06.17.49:809][  0]LogD3D11RHI:    1. 'Microsoft Basic Render Driver' (Feature Level 11_0)
[2020.04.13-06.17.49:809][  0]LogD3D11RHI:       0/0/12262 MB DedicatedVideo/DedicatedSystem/SharedSystem, Outputs:0, VendorId:0x1414
[2020.04.13-06.17.49:809][  0]LogD3D11RHI: Chosen D3D11 Adapter: 0
[2020.04.13-06.17.49:824][  0]LogD3D11RHI: Creating new Direct3DDevice
[2020.04.13-06.17.49:824][  0]LogD3D11RHI:     GPU DeviceId: 0x67df (for the marketing name, search the web for "GPU Device Id")
[2020.04.13-06.17.49:824][  0]LogWindows: EnumDisplayDevices:
[2020.04.13-06.17.49:825][  0]LogWindows:    0. 'Radeon RX 580 Series' (P:1 D:1)
[2020.04.13-06.17.49:825][  0]LogWindows:    1. 'Radeon RX 580 Series' (P:0 D:1)
[2020.04.13-06.17.49:826][  0]LogWindows:    2. 'Radeon RX 580 Series' (P:0 D:0)
[2020.04.13-06.17.49:826][  0]LogWindows:    3. 'Radeon RX 580 Series' (P:0 D:0)
[2020.04.13-06.17.49:827][  0]LogWindows:    4. 'Radeon RX 580 Series' (P:0 D:0)
[2020.04.13-06.17.49:827][  0]LogWindows:    5. 'Radeon RX 580 Series' (P:0 D:0)
[2020.04.13-06.17.49:828][  0]LogWindows:    6. 'Radeon RX 580 Series' (P:0 D:0)
[2020.04.13-06.17.49:828][  0]LogWindows:    7. 'Radeon RX 580 Series' (P:0 D:0)
[2020.04.13-06.17.49:829][  0]LogWindows: DebugString: FoundDriverCount:8 
[2020.04.13-06.17.49:829][  0]LogD3D11RHI:     Adapter Name: Radeon RX 580 Series
[2020.04.13-06.17.49:829][  0]LogD3D11RHI:   Driver Version: Adrenalin 2020 20.3.1 (internal:26.20.15029.15007, unified:26.20.15029.15007)
[2020.04.13-06.17.49:829][  0]LogD3D11RHI:      Driver Date: 3-17-2020
[2020.04.13-06.17.49:829][  0]LogRHI: Texture pool is 5720 MB (70% of 8171 MB)
[2020.04.13-06.17.49:905][  0]LogD3D11RHI: Async texture creation enabled
[2020.04.13-06.17.49:916][  0]LogD3D11RHI: GPU Timing Frequency: 25.000000 (Debug: 2 1)
[2020.04.13-06.17.50:258][  0]LogTemp: Display: Module 'AllDesktopTargetPlatform' loaded TargetPlatform 'AllDesktop'
[2020.04.13-06.17.50:269][  0]LogTemp: Display: Module 'MacClientTargetPlatform' loaded TargetPlatform 'MacClient'
[2020.04.13-06.17.50:281][  0]LogTemp: Display: Module 'MacNoEditorTargetPlatform' loaded TargetPlatform 'MacNoEditor'
[2020.04.13-06.17.50:293][  0]LogTemp: Display: Module 'MacServerTargetPlatform' loaded TargetPlatform 'MacServer'
[2020.04.13-06.17.50:304][  0]LogTemp: Display: Module 'MacTargetPlatform' loaded TargetPlatform 'Mac'
[2020.04.13-06.17.50:317][  0]LogTemp: Display: Module 'WindowsClientTargetPlatform' loaded TargetPlatform 'WindowsClient'
[2020.04.13-06.17.50:328][  0]LogTemp: Display: Module 'WindowsNoEditorTargetPlatform' loaded TargetPlatform 'WindowsNoEditor'
[2020.04.13-06.17.50:339][  0]LogTemp: Display: Module 'WindowsServerTargetPlatform' loaded TargetPlatform 'WindowsServer'
[2020.04.13-06.17.50:346][  0]LogTemp: Display: Module 'WindowsTargetPlatform' loaded TargetPlatform 'Windows'
[2020.04.13-06.17.50:383][  0]LogTemp: Display: Module 'AndroidTargetPlatform' loaded TargetPlatform 'Android'
[2020.04.13-06.17.50:383][  0]LogTemp: Display: Module 'AndroidTargetPlatform' loaded TargetPlatform 'Android_ASTC'
[2020.04.13-06.17.50:383][  0]LogTemp: Display: Module 'AndroidTargetPlatform' loaded TargetPlatform 'Android_ATC'
[2020.04.13-06.17.50:383][  0]LogTemp: Display: Module 'AndroidTargetPlatform' loaded TargetPlatform 'Android_DXT'
[2020.04.13-06.17.50:383][  0]LogTemp: Display: Module 'AndroidTargetPlatform' loaded TargetPlatform 'Android_ETC1'
[2020.04.13-06.17.50:383][  0]LogTemp: Display: Module 'AndroidTargetPlatform' loaded TargetPlatform 'Android_ETC1a'
[2020.04.13-06.17.50:383][  0]LogTemp: Display: Module 'AndroidTargetPlatform' loaded TargetPlatform 'Android_ETC2'
[2020.04.13-06.17.50:383][  0]LogTemp: Display: Module 'AndroidTargetPlatform' loaded TargetPlatform 'Android_PVRTC'
[2020.04.13-06.17.50:383][  0]LogTemp: Display: Module 'AndroidTargetPlatform' loaded TargetPlatform 'AndroidClient'
[2020.04.13-06.17.50:383][  0]LogTemp: Display: Module 'AndroidTargetPlatform' loaded TargetPlatform 'Android_ASTCClient'
[2020.04.13-06.17.50:383][  0]LogTemp: Display: Module 'AndroidTargetPlatform' loaded TargetPlatform 'Android_ATCClient'
[2020.04.13-06.17.50:383][  0]LogTemp: Display: Module 'AndroidTargetPlatform' loaded TargetPlatform 'Android_DXTClient'
[2020.04.13-06.17.50:383][  0]LogTemp: Display: Module 'AndroidTargetPlatform' loaded TargetPlatform 'Android_ETC1Client'
[2020.04.13-06.17.50:383][  0]LogTemp: Display: Module 'AndroidTargetPlatform' loaded TargetPlatform 'Android_ETC1aClient'
[2020.04.13-06.17.50:383][  0]LogTemp: Display: Module 'AndroidTargetPlatform' loaded TargetPlatform 'Android_ETC2Client'
[2020.04.13-06.17.50:383][  0]LogTemp: Display: Module 'AndroidTargetPlatform' loaded TargetPlatform 'Android_PVRTCClient'
[2020.04.13-06.17.50:383][  0]LogTemp: Display: Module 'AndroidTargetPlatform' loaded TargetPlatform 'Android_Multi'
[2020.04.13-06.17.50:383][  0]LogTemp: Display: Module 'AndroidTargetPlatform' loaded TargetPlatform 'Android_MultiClient'
[2020.04.13-06.17.50:386][  0]LogTemp: Display: Module 'HTML5TargetPlatform' loaded TargetPlatform 'HTML5'
[2020.04.13-06.17.50:407][  0]LogTemp: Display: Module 'IOSTargetPlatform' loaded TargetPlatform 'IOSClient'
[2020.04.13-06.17.50:407][  0]LogTemp: Display: Module 'IOSTargetPlatform' loaded TargetPlatform 'IOS'
[2020.04.13-06.17.50:425][  0]LogTemp: Display: Module 'TVOSTargetPlatform' loaded TargetPlatform 'TVOSClient'
[2020.04.13-06.17.50:425][  0]LogTemp: Display: Module 'TVOSTargetPlatform' loaded TargetPlatform 'TVOS'
[2020.04.13-06.17.50:433][  0]LogTemp: Display: Module 'LinuxClientTargetPlatform' loaded TargetPlatform 'LinuxClient'
[2020.04.13-06.17.50:442][  0]LogTemp: Display: Module 'LinuxNoEditorTargetPlatform' loaded TargetPlatform 'LinuxNoEditor'
[2020.04.13-06.17.50:451][  0]LogTemp: Display: Module 'LinuxServerTargetPlatform' loaded TargetPlatform 'LinuxServer'
[2020.04.13-06.17.50:460][  0]LogTemp: Display: Module 'LinuxTargetPlatform' loaded TargetPlatform 'Linux'
[2020.04.13-06.17.50:490][  0]LogTemp: Display: Module 'LuminTargetPlatform' loaded TargetPlatform 'Lumin'
[2020.04.13-06.17.50:490][  0]LogTemp: Display: Module 'LuminTargetPlatform' loaded TargetPlatform 'LuminClient'
[2020.04.13-06.17.50:490][  0]LogTargetPlatformManager: Display: Building Assets For Windows
[2020.04.13-06.17.50:503][  0]LogAudioDebug: Display: Lib vorbis DLL was dynamically loaded.
[2020.04.13-06.17.50:581][  0]LogShaderCompilers: Guid format shader working directory is -31 characters bigger than the processId version (../../../../../../Users/20109/Documents/Unreal Projects/ALS-Weapon-Component/Intermediate/Shaders/WorkingDirectory/19992/).
[2020.04.13-06.17.50:581][  0]LogShaderCompilers: Cleaned the shader compiler working directory 'C:/Users/20109/AppData/Local/Temp/UnrealShaderWorkingDir/EA223F334EB138181556C9946ABBB916/'.
[2020.04.13-06.17.50:585][  0]LogXGEController: Cleaning working directory: C:/Users/20109/AppData/Local/Temp/UnrealXGEWorkingDir/
[2020.04.13-06.17.50:586][  0]LogXGEController: Cannot use XGE Controller as Incredibuild is not installed on this machine.
[2020.04.13-06.17.50:586][  0]LogShaderCompilers: Cannot use XGE Shader Compiler as Incredibuild is not installed on this machine.
[2020.04.13-06.17.50:586][  0]LogShaderCompilers: Display: Using Local Shader Compiler.
[2020.04.13-06.17.51:231][  0]LogDerivedDataCache: Display: Max Cache Size: 512 MB
[2020.04.13-06.17.51:276][  0]LogDerivedDataCache: Loaded boot cache 0.05s 73MB C:/Users/20109/AppData/Local/UnrealEngine/4.23/DerivedDataCache/Boot.ddc.
[2020.04.13-06.17.51:277][  0]LogDerivedDataCache: Display: Loaded Boot cache: C:/Users/20109/AppData/Local/UnrealEngine/4.23/DerivedDataCache/Boot.ddc
[2020.04.13-06.17.51:277][  0]LogDerivedDataCache: FDerivedDataBackendGraph:  Pak pak cache file ../../../../../../Users/20109/Documents/Unreal Projects/ALS-Weapon-Component/DerivedDataCache/DDC.ddp not found, will not use a pak cache.
[2020.04.13-06.17.51:277][  0]LogDerivedDataCache: Unable to find inner node Pak for hierarchical cache Hierarchy.
[2020.04.13-06.17.51:277][  0]LogDerivedDataCache: FDerivedDataBackendGraph:  CompressedPak pak cache file ../../../../../../Users/20109/Documents/Unreal Projects/ALS-Weapon-Component/DerivedDataCache/Compressed.ddp not found, will not use a pak cache.
[2020.04.13-06.17.51:277][  0]LogDerivedDataCache: Unable to find inner node CompressedPak for hierarchical cache Hierarchy.
[2020.04.13-06.17.51:290][  0]LogDerivedDataCache: Display: Pak cache opened for reading ../../../Engine/DerivedDataCache/Compressed.ddp.
[2020.04.13-06.17.51:290][  0]LogDerivedDataCache: FDerivedDataBackendGraph:  EnterprisePak pak cache file ../../../Enterprise/DerivedDataCache/Compressed.ddp not found, will not use a pak cache.
[2020.04.13-06.17.51:290][  0]LogDerivedDataCache: Unable to find inner node EnterprisePak for hierarchical cache Hierarchy.
[2020.04.13-06.17.51:291][  0]LogDerivedDataCache: Using Local data cache path C:/Users/20109/AppData/Local/UnrealEngine/Common/DerivedDataCache: Writable
[2020.04.13-06.17.51:291][  0]LogDerivedDataCache: Shared data cache path not found in *engine.ini, will not use an Shared cache.
[2020.04.13-06.17.51:291][  0]LogDerivedDataCache: Unable to find inner node Shared for hierarchical cache Hierarchy.
[2020.04.13-06.17.51:313][  0]LogMaterial: Verifying Global Shaders for PCD3D_SM5
[2020.04.13-06.17.51:317][  0]LogSlate: Using FreeType 2.6.0
[2020.04.13-06.17.51:317][  0]LogSlate: SlateFontServices - WITH_FREETYPE: 1, WITH_HARFBUZZ: 1
[2020.04.13-06.17.51:379][  0]LogAssetRegistry: FAssetRegistry took 0.0031 seconds to start up
[2020.04.13-06.17.51:693][  0]LogInit: Selected Device Profile: [Windows]
[2020.04.13-06.17.51:862][  0]LogMeshReduction: Using QuadricMeshReduction for automatic static mesh reduction
[2020.04.13-06.17.51:862][  0]LogMeshReduction: Using SimplygonMeshReduction for automatic skeletal mesh reduction
[2020.04.13-06.17.51:862][  0]LogMeshReduction: Using ProxyLODMeshReduction for automatic mesh merging
[2020.04.13-06.17.51:862][  0]LogMeshReduction: No distributed automatic mesh merging module available
[2020.04.13-06.17.51:863][  0]LogMeshMerging: No distributed automatic mesh merging module available
[2020.04.13-06.17.51:872][  0]LogNetVersion: ALS-WC 1.0.0, NetCL: 8386587, EngineNetVer: 11, GameNetVer: 0 (Checksum: 1819769909)
[2020.04.13-06.17.51:922][  0]LogNavigation: Error: [/Script/Engine.RecastNavMesh] found in the DefaultEngine.ini file. This class has been moved. Please rename that section to [/Script/NavigationSystem.RecastNavMesh]
[2020.04.13-06.17.52:337][  0]LogPackageLocalizationCache: Processed 14 localized package path(s) for 1 prioritized culture(s) in 0.056528 seconds
[2020.04.13-06.17.52:348][  0]LogUObjectArray: 43444 objects as part of root set at end of initial load.
[2020.04.13-06.17.52:348][  0]LogUObjectAllocator: 7548648 out of 0 bytes used by permanent object pool.
[2020.04.13-06.17.52:348][  0]LogUObjectArray: CloseDisregardForGC: 0/0 objects in disregard for GC pool
[2020.04.13-06.17.53:326][  0]LogPython: Using Python 2.7.14
[2020.04.13-06.17.54:055][  0]LogTcpMessaging: Initializing TcpMessaging bridge
[2020.04.13-06.17.54:059][  0]LogUdpMessaging: Initializing bridge on interface 0.0.0.0:0 to multicast group 230.0.0.1:6666.
[2020.04.13-06.17.54:151][  0]SourceControl: Source control is disabled
[2020.04.13-06.17.54:151][  0]SourceControl: Source control is disabled
[2020.04.13-06.17.54:152][  0]SourceControl: Source control is disabled
[2020.04.13-06.17.54:153][  0]SourceControl: Source control is disabled
[2020.04.13-06.17.54:320][  0]LogAndroidPermission: UAndroidPermissionCallbackProxy::GetInstance
[2020.04.13-06.17.54:783][  0]LogOcInput: OculusInput pre-init called
[2020.04.13-06.17.54:792][  0]LogWindows: Failed to load 'OVRPlugin.dll' (GetLastError=126)
[2020.04.13-06.17.54:792][  0]LogWindows: File 'OVRPlugin.dll' does not exist
[2020.04.13-06.17.56:038][  0]LogEngine: Initializing Engine...
[2020.04.13-06.17.56:039][  0]LogHMD: Failed to initialize OpenVR with code 110
[2020.04.13-06.17.56:040][  0]LogStats: UGameplayTagsManager::InitializeManager -  0.000 s
[2020.04.13-06.17.56:273][  0]LogInit: Initializing FReadOnlyCVARCache
[2020.04.13-06.17.56:300][  0]LogAIModule: Creating AISystem for world Untitled
[2020.04.13-06.17.56:436][  0]LogInit: XAudio2 using 'VoiceMeeter Input (VB-Audio VoiceMeeter VAIO)' : 2 channels at 48 kHz using 24 bits per sample (channel mask 0x3)
[2020.04.13-06.17.56:452][  0]LogInit: FAudioDevice initialized.
[2020.04.13-06.17.56:453][  0]LogNetVersion: Set ProjectVersion to 1.0.0.0. Version Checksum will be recalculated on next use.
[2020.04.13-06.17.56:560][  0]LogDerivedDataCache: Saved boot cache 0.11s 73MB C:/Users/20109/AppData/Local/UnrealEngine/4.23/DerivedDataCache/Boot.ddc.
[2020.04.13-06.17.56:566][  0]LogInit: Texture streaming: Enabled
[2020.04.13-06.17.56:594][  0]LogEngineSessionManager: EngineSessionManager initialized
[2020.04.13-06.17.56:594][  0]LogEditorSessionSummary: Verbose: Initializing EditorSessionSummaryWriter for editor session tracking
[2020.04.13-06.17.56:595][  0]LogEditorSessionSummary: EditorSessionSummaryWriter initialized
[2020.04.13-06.17.56:655][  0]LogInit: Transaction tracking system initialized
[2020.04.13-06.17.56:703][  0]BlueprintLog: New page: Editor Load
[2020.04.13-06.17.56:825][  0]LocalizationService: Localization service is disabled
[2020.04.13-06.17.57:124][  0]LogFileCache: Scanning file cache for directory 'C:/Users/20109/Documents/Unreal Projects/ALS-Weapon-Component/Content/' took 0.01s
[2020.04.13-06.17.57:124][  0]LogCook: Display: Max memory allowance for cook 16384mb min free memory 0mb
[2020.04.13-06.17.57:124][  0]LogCook: Display: Mobile HDR setting 1
[2020.04.13-06.17.57:408][  0]SourceControl: Source control is disabled
[2020.04.13-06.17.57:409][  0]Cmd: MAP LOAD FILE="../../../../../../Users/20109/Documents/Unreal Projects/ALS-Weapon-Component/Content/AdvancedLocomotionV3/Maps/ALSV3_DemoLevel_SP.umap" TEMPLATE=0 SHOWPROGRESS=1 FEATURELEVEL=3
[2020.04.13-06.17.57:409][  0]LightingResults: New page: Lighting Build
[2020.04.13-06.17.57:415][  0]LogWorld: UWorld::CleanupWorld for Untitled, bSessionEnded=true, bCleanupResources=true
[2020.04.13-06.17.57:415][  0]MapCheck: New page: Map Check
[2020.04.13-06.17.57:416][  0]LightingResults: New page: Lighting Build
[2020.04.13-06.17.57:440][  0]LogUObjectHash: Compacting FUObjectHashTables data took   2.01ms
[2020.04.13-06.17.57:825][  0]LogLinker: While loading '../../../../../../Users/20109/Documents/Unreal Projects/ALS-Weapon-Component/Content/WeaponComponent/Blueprints/BPA_ParentWeapon.uasset' failed to load '/Game/WeaponComponent/SampleWeapons/WeaponImages/WeaponImage3_EG': Can't find file.
[2020.04.13-06.17.57:825][  0]LogLinker: While loading '../../../../../../Users/20109/Documents/Unreal Projects/ALS-Weapon-Component/Content/WeaponComponent/Blueprints/BPA_ParentWeapon.uasset' failed to load '/Game/WeaponComponent/SampleWeapons/WeaponImages/WeaponImage3_EG': Can't find file.
[2020.04.13-06.17.57:825][  0]LogLinker: While loading '../../../../../../Users/20109/Documents/Unreal Projects/ALS-Weapon-Component/Content/WeaponComponent/Blueprints/BPA_ParentWeapon.uasset' failed to load '/Game/WeaponComponent/SampleWeapons/FPWeapon/Mesh/SK_FPGun': Can't find file.
[2020.04.13-06.17.57:825][  0]LogLinker: While loading '../../../../../../Users/20109/Documents/Unreal Projects/ALS-Weapon-Component/Content/WeaponComponent/Blueprints/BPA_ParentWeapon.uasset' failed to load '/Game/WeaponComponent/SampleWeapons/FPWeapon/Mesh/SK_FPGun': Can't find file.
[2020.04.13-06.17.57:826][  0]LogLinker: While loading '../../../../../../Users/20109/Documents/Unreal Projects/ALS-Weapon-Component/Content/WeaponComponent/Blueprints/BPA_ParentWeapon.uasset' failed to load '/Game/WeaponComponent/SampleWeapons/Crosshairs/T_FPCrosshair': Can't find file.
[2020.04.13-06.17.57:826][  0]LogLinker: While loading '../../../../../../Users/20109/Documents/Unreal Projects/ALS-Weapon-Component/Content/WeaponComponent/Blueprints/BPA_ParentWeapon.uasset' failed to load '/Game/WeaponComponent/SampleWeapons/Crosshairs/T_FPCrosshair': Can't find file.
[2020.04.13-06.17.57:826][  0]LogLinker: While loading '../../../../../../Users/20109/Documents/Unreal Projects/ALS-Weapon-Component/Content/WeaponComponent/Blueprints/BPA_ParentWeapon.uasset' failed to load '/Game/WeaponComponent/SampleWeapons/Effects/ParticleSystems/Weapons/RocketLauncher/Muzzle/P_Launcher_MF': Can't find file.
[2020.04.13-06.17.57:826][  0]LogLinker: While loading '../../../../../../Users/20109/Documents/Unreal Projects/ALS-Weapon-Component/Content/WeaponComponent/Blueprints/BPA_ParentWeapon.uasset' failed to load '/Game/WeaponComponent/SampleWeapons/Effects/ParticleSystems/Weapons/RocketLauncher/Muzzle/P_Launcher_MF': Can't find file.
[2020.04.13-06.17.57:827][  0]LogLinker: While loading '../../../../../../Users/20109/Documents/Unreal Projects/ALS-Weapon-Component/Content/WeaponComponent/Blueprints/BPA_ParentWeapon.uasset' failed to load '/Game/WeaponComponent/SampleWeapons/Audio/FirstPersonTemplateWeaponFire02': Can't find file.
[2020.04.13-06.17.57:827][  0]LogLinker: While loading '../../../../../../Users/20109/Documents/Unreal Projects/ALS-Weapon-Component/Content/WeaponComponent/Blueprints/BPA_ParentWeapon.uasset' failed to load '/Game/WeaponComponent/SampleWeapons/Audio/FirstPersonTemplateWeaponFire02': Can't find file.
[2020.04.13-06.17.57:827][  0]LogLinker: While loading '../../../../../../Users/20109/Documents/Unreal Projects/ALS-Weapon-Component/Content/WeaponComponent/Blueprints/BPA_ParentWeapon.uasset' failed to load '/Game/ThirdPerson/AnimStarterPack/Montages/AM_ReloadRifle': Can't find file.
[2020.04.13-06.17.57:827][  0]LogLinker: While loading '../../../../../../Users/20109/Documents/Unreal Projects/ALS-Weapon-Component/Content/WeaponComponent/Blueprints/BPA_ParentWeapon.uasset' failed to load '/Game/ThirdPerson/AnimStarterPack/Montages/AM_ReloadRifle': Can't find file.
[2020.04.13-06.17.57:828][  0]LogLinker: While loading '../../../../../../Users/20109/Documents/Unreal Projects/ALS-Weapon-Component/Content/WeaponComponent/Blueprints/BPA_ParentWeapon.uasset' failed to load '/Game/ThirdPerson/AnimStarterPack/Montages/AM_EquipRifle': Can't find file.
[2020.04.13-06.17.57:828][  0]LogLinker: While loading '../../../../../../Users/20109/Documents/Unreal Projects/ALS-Weapon-Component/Content/WeaponComponent/Blueprints/BPA_ParentWeapon.uasset' failed to load '/Game/ThirdPerson/AnimStarterPack/Montages/AM_EquipRifle': Can't find file.
[2020.04.13-06.17.57:828][  0]LogLinker: While loading '../../../../../../Users/20109/Documents/Unreal Projects/ALS-Weapon-Component/Content/WeaponComponent/Blueprints/BPA_ParentWeapon.uasset' failed to load '/Game/ThirdPerson/AnimStarterPack/Montages/AM_UnEquipRifle': Can't find file.
[2020.04.13-06.17.57:828][  0]LogLinker: While loading '../../../../../../Users/20109/Documents/Unreal Projects/ALS-Weapon-Component/Content/WeaponComponent/Blueprints/BPA_ParentWeapon.uasset' failed to load '/Game/ThirdPerson/AnimStarterPack/Montages/AM_UnEquipRifle': Can't find file.
[2020.04.13-06.18.00:755][  0]LogAIModule: Creating AISystem for world ALSV3_DemoLevel_SP
[2020.04.13-06.18.00:801][  0]LogEditorServer: Finished looking for orphan Actors (0.000 secs)
[2020.04.13-06.18.00:874][  0]LogUObjectHash: Compacting FUObjectHashTables data took   3.83ms
[2020.04.13-06.18.00:874][  0]Cmd: MAP CHECKDEP NOCLEARLOG
[2020.04.13-06.18.00:875][  0]MapCheck: Map check complete: 0 Error(s), 0 Warning(s), took 0.246ms to complete.
[2020.04.13-06.18.00:875][  0]LogFileHelpers: Loading map 'ALSV3_DemoLevel_SP' took 3.467
[2020.04.13-06.18.01:003][  0]LogSlate: Updating window title bar state: overlay mode, drag disabled, window buttons hidden, title bar hidden
[2020.04.13-06.18.01:010][  0]LogSlate: Updating window title bar state: overlay mode, drag disabled, window buttons hidden, title bar hidden
[2020.04.13-06.18.01:021][  0]LogSlate: Updating window title bar state: overlay mode, drag disabled, window buttons hidden, title bar hidden
[2020.04.13-06.18.01:028][  0]LogSlate: Updating window title bar state: overlay mode, drag disabled, window buttons hidden, title bar hidden
[2020.04.13-06.18.01:037][  0]LogCollectionManager: Loaded 0 collections in 0.003030 seconds
[2020.04.13-06.18.01:043][  0]LogFileCache: Scanning file cache for directory 'C:/Users/20109/Documents/Unreal Projects/ALS-Weapon-Component/Saved/Collections/' took 0.00s
[2020.04.13-06.18.01:044][  0]LogFileCache: Scanning file cache for directory 'C:/Users/20109/Documents/Unreal Projects/ALS-Weapon-Component/Content/Developers/20109/Collections/' took 0.00s
[2020.04.13-06.18.01:044][  0]LogFileCache: Scanning file cache for directory 'C:/Users/20109/Documents/Unreal Projects/ALS-Weapon-Component/Content/Collections/' took 0.00s
[2020.04.13-06.18.01:044][  0]LogCollectionManager: Rebuilt the GUID cache for 0 collections in 0.000001 seconds
[2020.04.13-06.18.01:055][  0]LogContentBrowser: Native class hierarchy populated in 0.0113 seconds. Added 2886 classes and 690 folders.
[2020.04.13-06.18.01:064][  0]LogContentBrowser: Native class hierarchy updated for 'WidgetCarousel' in 0.0002 seconds. Added 0 classes and 0 folders.
[2020.04.13-06.18.01:128][  0]LogContentBrowser: Native class hierarchy updated for 'AddContentDialog' in 0.0002 seconds. Added 0 classes and 0 folders.
[2020.04.13-06.18.01:135][  0]LogContentBrowser: Native class hierarchy updated for 'SceneOutliner' in 0.0003 seconds. Added 1 classes and 2 folders.
[2020.04.13-06.18.01:156][  0]LogSlate: Took 0.000215 seconds to synchronously load lazily loaded font '../../../Engine/Content/Slate/Fonts/Roboto-Regular.ttf' (155K)
[2020.04.13-06.18.01:159][  0]LogSlate: Took 0.000234 seconds to synchronously load lazily loaded font '../../../Engine/Content/Slate/Fonts/Roboto-Bold.ttf' (160K)
[2020.04.13-06.18.01:165][  0]LogSlate: Took 0.000241 seconds to synchronously load lazily loaded font '../../../Engine/Content/Editor/Slate/Fonts/FontAwesome.ttf' (139K)
[2020.04.13-06.18.01:227][  0]LogRenderer: Reallocating scene render targets to support 1208x592 Format 10 NumSamples 1 (Frame:1).
[2020.04.13-06.18.01:361][  0]LogContentBrowser: Native class hierarchy updated for 'HierarchicalLODOutliner' in 0.0003 seconds. Added 0 classes and 0 folders.
[2020.04.13-06.18.01:361][  0]LogLoad: (Engine Initialization) Total time: 14.10 seconds
[2020.04.13-06.18.01:361][  0]LogLoad: (Engine Initialization) Total Blueprint compile time: 0.00 seconds
[2020.04.13-06.18.01:424][  0]LogContentStreaming: Texture pool size now 1000 MB
[2020.04.13-06.18.01:465][  0]LogSlate: Took 0.000232 seconds to synchronously load lazily loaded font '../../../Engine/Content/Slate/Fonts/Roboto-Light.ttf' (167K)
[2020.04.13-06.18.01:509][  1]LogAssetRegistry: Asset discovery search completed in 10.1320 seconds
[2020.04.13-06.18.01:514][  1]LogCollectionManager: Rebuilt the object cache for 0 collections in 0.000005 seconds (found 0 objects)
[2020.04.13-06.18.01:514][  1]LogCollectionManager: Fixed up redirectors for 0 collections in 0.000117 seconds (updated 0 objects)
[2020.04.13-06.18.03:663][231]LogSlate: FSceneViewport::OnFocusLost() reason 0
[2020.04.13-06.18.12:960][321]LogUObjectHash: Compacting FUObjectHashTables data took   0.91ms
[2020.04.13-06.18.13:017][321]LogSlate: Window 'ALS-WC - Unreal Editor' being destroyed
[2020.04.13-06.18.13:018][321]LogWindowsTextInputMethodSystem: Display: IME system now deactivated.
[2020.04.13-06.18.13:022][321]LogWindowsTextInputMethodSystem: Display: IME system now deactivated.
[2020.04.13-06.18.13:090][322]Cmd: QUIT_EDITOR
[2020.04.13-06.18.13:117][322]LogExit: Preparing to exit.
[2020.04.13-06.18.13:155][322]LogUObjectHash: Compacting FUObjectHashTables data took   2.89ms
[2020.04.13-06.18.14:084][322]LogWorld: UWorld::CleanupWorld for World_0, bSessionEnded=true, bCleanupResources=true
[2020.04.13-06.18.14:122][322]LogWorld: UWorld::CleanupWorld for None, bSessionEnded=true, bCleanupResources=true
[2020.04.13-06.18.14:122][322]LogExit: Editor shut down
[2020.04.13-06.18.14:125][322]LogExit: Transaction tracking system shut down
[2020.04.13-06.18.14:128][322]LogDemo: Cleaned up 0 splitscreen connections with owner deletion
[2020.04.13-06.18.14:448][322]LogExit: Object subsystem successfully closed.
[2020.04.13-06.18.14:472][322]LogShaderCompilers: Display: Shaders left to compile 0
[2020.04.13-06.18.14:506][322]LogModuleManager: Shutting down and abandoning module HierarchicalLODOutliner (676)
[2020.04.13-06.18.14:506][322]LogModuleManager: Shutting down and abandoning module SceneOutliner (674)
[2020.04.13-06.18.14:506][322]LogModuleManager: Shutting down and abandoning module AddContentDialog (672)
[2020.04.13-06.18.14:506][322]LogModuleManager: Shutting down and abandoning module WidgetCarousel (671)
[2020.04.13-06.18.14:506][322]LogModuleManager: Shutting down and abandoning module EditorWidgets (668)
[2020.04.13-06.18.14:506][322]LogModuleManager: Shutting down and abandoning module CollectionManager (666)
[2020.04.13-06.18.14:506][322]LogModuleManager: Shutting down and abandoning module StatsViewer (664)
[2020.04.13-06.18.14:506][322]LogModuleManager: Shutting down and abandoning module VirtualTexturingEditor (662)
[2020.04.13-06.18.14:506][322]LogModuleManager: Shutting down and abandoning module FoliageEdit (660)
[2020.04.13-06.18.14:506][322]LogModuleManager: Shutting down and abandoning module LandscapeEditor (658)
[2020.04.13-06.18.14:507][322]LogModuleManager: Shutting down and abandoning module MeshPaintMode (656)
[2020.04.13-06.18.14:507][322]LogModuleManager: Shutting down and abandoning module SceneDepthPickerMode (654)
[2020.04.13-06.18.14:507][322]LogModuleManager: Shutting down and abandoning module ActorPickerMode (652)
[2020.04.13-06.18.14:507][322]LogModuleManager: Shutting down and abandoning module GeometryMode (650)
[2020.04.13-06.18.14:507][322]LogModuleManager: Shutting down and abandoning module TextureAlignMode (648)
[2020.04.13-06.18.14:507][322]LogModuleManager: Shutting down and abandoning module BspMode (646)
[2020.04.13-06.18.14:507][322]LogModuleManager: Shutting down and abandoning module PIEPreviewDeviceProfileSelector (644)
[2020.04.13-06.18.14:507][322]LogModuleManager: Shutting down and abandoning module SequenceRecorderSections (642)
[2020.04.13-06.18.14:507][322]LogModuleManager: Shutting down and abandoning module AutomationWorker (640)
[2020.04.13-06.18.14:507][322]LogModuleManager: Shutting down and abandoning module OculusMR (638)
[2020.04.13-06.18.14:507][322]LogModuleManager: Shutting down and abandoning module AudioCaptureEditor (636)
[2020.04.13-06.18.14:507][322]LogModuleManager: Shutting down and abandoning module MatineeToLevelSequence (634)
[2020.04.13-06.18.14:507][322]LogModuleManager: Shutting down and abandoning module LevelSequenceEditor (632)
[2020.04.13-06.18.14:507][322]LogModuleManager: Shutting down and abandoning module PlacementMode (631)
[2020.04.13-06.18.14:507][322]LogModuleManager: Shutting down and abandoning module MaterialEditor (630)
[2020.04.13-06.18.14:507][322]LogModuleManager: Shutting down and abandoning module ActorSequenceEditor (626)
[2020.04.13-06.18.14:507][322]LogModuleManager: Shutting down and abandoning module WmfMediaFactory (624)
[2020.04.13-06.18.14:507][322]LogModuleManager: Shutting down and abandoning module WmfMediaEditor (622)
[2020.04.13-06.18.14:507][322]LogModuleManager: Shutting down and abandoning module WebMMediaFactory (620)
[2020.04.13-06.18.14:507][322]LogModuleManager: Shutting down and abandoning module WebMMediaEditor (618)
[2020.04.13-06.18.14:507][322]LogModuleManager: Shutting down and abandoning module WebMMedia (616)
[2020.04.13-06.18.14:507][322]LogModuleManager: Shutting down and abandoning module MediaPlayerEditor (614)
[2020.04.13-06.18.14:507][322]LogModuleManager: Shutting down and abandoning module MediaCompositingEditor (612)
[2020.04.13-06.18.14:507][322]LogModuleManager: Shutting down and abandoning module SequenceRecorder (611)
[2020.04.13-06.18.14:507][322]LogModuleManager: Shutting down and abandoning module OpenExrWrapper (608)
[2020.04.13-06.18.14:507][322]LogModuleManager: Shutting down and abandoning module ImgMediaFactory (606)
[2020.04.13-06.18.14:507][322]LogModuleManager: Shutting down and abandoning module ImgMediaEditor (604)
[2020.04.13-06.18.14:507][322]LogModuleManager: Shutting down and abandoning module AvfMediaFactory (602)
[2020.04.13-06.18.14:507][322]LogModuleManager: Shutting down and abandoning module AvfMediaEditor (600)
[2020.04.13-06.18.14:507][322]LogModuleManager: Shutting down and abandoning module AndroidMediaFactory (598)
[2020.04.13-06.18.14:507][322]LogModuleManager: Shutting down and abandoning module AndroidMediaEditor (596)
[2020.04.13-06.18.14:507][322]LogModuleManager: Shutting down and abandoning module MagicLeapCameraPreviewFactory (594)
[2020.04.13-06.18.14:507][322]LogModuleManager: Shutting down and abandoning module MagicLeapMediaCodecFactory (592)
[2020.04.13-06.18.14:507][322]LogModuleManager: Shutting down and abandoning module MagicLeapMediaFactory (590)
[2020.04.13-06.18.14:507][322]LogModuleManager: Shutting down and abandoning module MagicLeapMediaEditor (588)
[2020.04.13-06.18.14:507][322]LogModuleManager: Shutting down and abandoning module CharacterAI (586)
[2020.04.13-06.18.14:507][322]LogModuleManager: Shutting down and abandoning module SmartSnapping (584)
[2020.04.13-06.18.14:507][322]LogModuleManager: Shutting down and abandoning module SessionServices (582)
[2020.04.13-06.18.14:507][322]LogModuleManager: Shutting down and abandoning module MeshPaint (580)
[2020.04.13-06.18.14:507][322]LogModuleManager: Shutting down and abandoning module ViewportSnapping (578)
[2020.04.13-06.18.14:507][322]LogModuleManager: Shutting down and abandoning module ViewportInteraction (576)
[2020.04.13-06.18.14:507][322]LogModuleManager: Shutting down and abandoning module ClothPainter (574)
[2020.04.13-06.18.14:507][322]LogModuleManager: Shutting down and abandoning module SkeletalMeshEditor (573)
[2020.04.13-06.18.14:507][322]LogModuleManager: Shutting down and abandoning module LogVisualizer (570)
[2020.04.13-06.18.14:508][322]LogModuleManager: Shutting down and abandoning module IntroTutorials (568)
[2020.04.13-06.18.14:508][322]LogModuleManager: Shutting down and abandoning module GameProjectGeneration (567)
[2020.04.13-06.18.14:508][322]LogModuleManager: Shutting down and abandoning module LuminPlatformEditor (564)
[2020.04.13-06.18.14:508][322]LogModuleManager: Shutting down and abandoning module IOSPlatformEditor (562)
[2020.04.13-06.18.14:508][322]LogModuleManager: Shutting down and abandoning module HTML5PlatformEditor (560)
[2020.04.13-06.18.14:508][322]LogModuleManager: Shutting down and abandoning module AndroidPlatformEditor (558)
[2020.04.13-06.18.14:508][322]LogModuleManager: Shutting down and abandoning module AndroidDeviceDetection (557)
[2020.04.13-06.18.14:893][322]LogModuleManager: Shutting down and abandoning module WindowsPlatformEditor (554)
[2020.04.13-06.18.14:893][322]LogModuleManager: Shutting down and abandoning module LuminRuntimeSettings (552)
[2020.04.13-06.18.14:893][322]LogModuleManager: Shutting down and abandoning module IOSRuntimeSettings (550)
[2020.04.13-06.18.14:893][322]LogModuleManager: Shutting down and abandoning module AndroidRuntimeSettings (548)
[2020.04.13-06.18.14:893][322]LogModuleManager: Shutting down and abandoning module TimeManagementEditor (546)
[2020.04.13-06.18.14:893][322]LogModuleManager: Shutting down and abandoning module InputBindingEditor (544)
[2020.04.13-06.18.14:893][322]LogModuleManager: Shutting down and abandoning module MergeActors (542)
[2020.04.13-06.18.14:893][322]LogModuleManager: Shutting down and abandoning module LocalizationDashboard (540)
[2020.04.13-06.18.14:893][322]LogModuleManager: Shutting down and abandoning module LocalizationService (539)
[2020.04.13-06.18.14:894][322]LogModuleManager: Shutting down and abandoning module HardwareTargeting (536)
[2020.04.13-06.18.14:894][322]LogModuleManager: Shutting down and abandoning module DeviceProfileEditor (534)
[2020.04.13-06.18.14:894][322]LogModuleManager: Shutting down and abandoning module UndoHistory (532)
[2020.04.13-06.18.14:894][322]LogModuleManager: Shutting down and abandoning module XmlParser (530)
[2020.04.13-06.18.14:894][322]LogModuleManager: Shutting down and abandoning module Blutility (528)
[2020.04.13-06.18.14:894][322]LogModuleManager: Shutting down and abandoning module ProjectSettingsViewer (526)
[2020.04.13-06.18.14:894][322]LogModuleManager: Shutting down and abandoning module ProjectTargetPlatformEditor (525)
[2020.04.13-06.18.14:894][322]LogModuleManager: Shutting down and abandoning module EditorSettingsViewer (522)
[2020.04.13-06.18.14:894][322]LogModuleManager: Shutting down and abandoning module SettingsEditor (520)
[2020.04.13-06.18.14:894][322]LogModuleManager: Shutting down and abandoning module ProjectLauncher (518)
[2020.04.13-06.18.14:894][322]LogModuleManager: Shutting down and abandoning module SessionFrontend (516)
[2020.04.13-06.18.14:894][322]LogModuleManager: Shutting down and abandoning module ProfilerClient (514)
[2020.04.13-06.18.14:894][322]LogModuleManager: Shutting down and abandoning module DeviceManager (512)
[2020.04.13-06.18.14:894][322]LogModuleManager: Shutting down and abandoning module TargetDeviceServices (511)
[2020.04.13-06.18.14:949][322]LogModuleManager: Shutting down and abandoning module AutomationController (508)
[2020.04.13-06.18.14:949][322]LogModuleManager: Shutting down and abandoning module AutomationWindow (506)
[2020.04.13-06.18.14:949][322]LogModuleManager: Shutting down and abandoning module Layers (504)
[2020.04.13-06.18.14:949][322]LogModuleManager: Shutting down and abandoning module ComponentVisualizers (502)
[2020.04.13-06.18.14:949][322]LogModuleManager: Shutting down and abandoning module DetailCustomizations (500)
[2020.04.13-06.18.14:949][322]LogModuleManager: Shutting down and abandoning module PackagesDialog (498)
[2020.04.13-06.18.14:949][322]LogModuleManager: Shutting down and abandoning module AnimationBlueprintEditor (496)
[2020.04.13-06.18.14:949][322]LogModuleManager: Shutting down and abandoning module Persona (494)
[2020.04.13-06.18.14:949][322]LogModuleManager: Shutting down and abandoning module AdvancedPreviewScene (493)
[2020.04.13-06.18.14:949][322]LogModuleManager: Shutting down and abandoning module AnimGraph (491)
[2020.04.13-06.18.14:949][322]LogModuleManager: Shutting down and abandoning module Kismet (488)
[2020.04.13-06.18.14:955][322]LogModuleManager: Shutting down and abandoning module KismetWidgets (487)
[2020.04.13-06.18.14:955][322]LogModuleManager: Shutting down and abandoning module GraphEditor (484)
[2020.04.13-06.18.14:955][322]LogModuleManager: Shutting down and abandoning module StructViewer (482)
[2020.04.13-06.18.14:955][322]LogModuleManager: Shutting down and abandoning module ClassViewer (480)
[2020.04.13-06.18.14:955][322]LogModuleManager: Shutting down and abandoning module Toolbox (478)
[2020.04.13-06.18.14:955][322]LogModuleManager: Shutting down and abandoning module ModuleUI (476)
[2020.04.13-06.18.14:955][322]LogModuleManager: Shutting down and abandoning module MovieSceneTools (474)
[2020.04.13-06.18.14:955][322]LogModuleManager: Shutting down and abandoning module OutputLog (472)
[2020.04.13-06.18.14:955][322]LogModuleManager: Shutting down and abandoning module GammaUI (470)
[2020.04.13-06.18.14:955][322]LogModuleManager: Shutting down and abandoning module Documentation (468)
[2020.04.13-06.18.14:955][322]LogModuleManager: Shutting down and abandoning module LiveCoding (466)
[2020.04.13-06.18.14:955][322]LogModuleManager: Shutting down and abandoning module LevelSequence (464)
[2020.04.13-06.18.14:955][322]LogModuleManager: Shutting down and abandoning module MovieSceneTracks (462)
[2020.04.13-06.18.14:955][322]LogModuleManager: Shutting down and abandoning module MovieScene (460)
[2020.04.13-06.18.14:955][322]LogModuleManager: Shutting down and abandoning module StreamingPauseRendering (458)
[2020.04.13-06.18.14:955][322]LogModuleManager: Shutting down and abandoning module LauncherPlatform (456)
[2020.04.13-06.18.14:955][322]LogModuleManager: Shutting down and abandoning module AnalyticsET (454)
[2020.04.13-06.18.14:955][322]LogModuleManager: Shutting down and abandoning module PortalServices (452)
[2020.04.13-06.18.14:955][322]LogModuleManager: Shutting down and abandoning module PortalRpc (450)
[2020.04.13-06.18.14:955][322]LogModuleManager: Shutting down and abandoning module MessagingRpc (448)
[2020.04.13-06.18.14:955][322]LogModuleManager: Shutting down and abandoning module AIModule (446)
[2020.04.13-06.18.14:955][322]LogModuleManager: Shutting down and abandoning module GameplayDebugger (445)
[2020.04.13-06.18.14:955][322]LogModuleManager: Shutting down and abandoning module AITestSuite (443)
[2020.04.13-06.18.14:956][322]LogModuleManager: Shutting down and abandoning module NavigationSystem (441)
[2020.04.13-06.18.14:956][322]LogModuleManager: Shutting down and abandoning module DesktopPlatform (438)
[2020.04.13-06.18.14:956][322]LogModuleManager: Shutting down and abandoning module ImageWriteQueue (436)
[2020.04.13-06.18.14:958][322]LogModuleManager: Shutting down and abandoning module ProfilerService (434)
[2020.04.13-06.18.14:993][322]LogModuleManager: Shutting down and abandoning module TaskGraph (432)
[2020.04.13-06.18.14:993][322]LogModuleManager: Shutting down and abandoning module MegascansPlugin (430)
[2020.04.13-06.18.14:993][322]LogModuleManager: Shutting down and abandoning module ScreenshotTools (428)
[2020.04.13-06.18.14:993][322]LogModuleManager: Shutting down and abandoning module SteamVRController (426)
[2020.04.13-06.18.14:993][322]LogModuleManager: Shutting down and abandoning module ProceduralMeshComponentEditor (424)
[2020.04.13-06.18.14:993][322]LogModuleManager: Shutting down and abandoning module ProceduralMeshComponent (422)
[2020.04.13-06.18.14:993][322]LogModuleManager: Shutting down and abandoning module OculusEditor (420)
[2020.04.13-06.18.14:993][322]LogModuleManager: Shutting down and abandoning module OculusInput (418)
[2020.04.13-06.18.14:993][322]LogModuleManager: Shutting down and abandoning module MobilePatchingUtils (416)
[2020.04.13-06.18.14:993][322]LogModuleManager: Shutting down and abandoning module EditableMesh (414)
[2020.04.13-06.18.14:993][322]LogModuleManager: Shutting down and abandoning module CustomMeshComponent (412)
[2020.04.13-06.18.14:993][322]LogModuleManager: Shutting down and abandoning module CableComponent (410)
[2020.04.13-06.18.14:994][322]LogModuleManager: Shutting down and abandoning module AudioCapture (408)
[2020.04.13-06.18.14:994][322]LogModuleManager: Shutting down and abandoning module ArchVisCharacter (406)
[2020.04.13-06.18.14:994][322]LogModuleManager: Shutting down and abandoning module AppleImageUtilsBlueprintSupport (404)
[2020.04.13-06.18.14:994][322]LogModuleManager: Shutting down and abandoning module AppleImageUtils (402)
[2020.04.13-06.18.14:994][322]LogModuleManager: Shutting down and abandoning module AndroidPermission (400)
[2020.04.13-06.18.14:994][322]LogModuleManager: Shutting down and abandoning module NUTUnrealEngine4 (398)
[2020.04.13-06.18.14:994][322]LogModuleManager: Shutting down and abandoning module NetcodeUnitTest (396)
[2020.04.13-06.18.14:994][322]LogModuleManager: Shutting down and abandoning module MediaCompositing (394)
[2020.04.13-06.18.14:994][322]LogModuleManager: Shutting down and abandoning module ImgMedia (392)
[2020.04.13-06.18.14:994][322]LogModuleManager: Shutting down and abandoning module MagicLeapHelperVulkan (390)
[2020.04.13-06.18.14:994][322]LogModuleManager: Shutting down and abandoning module MagicLeapHelperOpenGL (388)
[2020.04.13-06.18.14:994][322]LogModuleManager: Shutting down and abandoning module MagicLeapAudio (386)
[2020.04.13-06.18.14:994][322]LogModuleManager: Shutting down and abandoning module HTML5Networking (384)
[2020.04.13-06.18.14:994][322]LogModuleManager: Shutting down and abandoning module GeometryCacheTracks (382)
[2020.04.13-06.18.14:994][322]LogModuleManager: Shutting down and abandoning module GeometryCacheSequencer (380)
[2020.04.13-06.18.14:994][322]LogModuleManager: Shutting down and abandoning module BackChannel (378)
[2020.04.13-06.18.14:994][322]LogModuleManager: Shutting down and abandoning module AutomationUtilsEditor (376)
[2020.04.13-06.18.14:994][322]LogModuleManager: Shutting down and abandoning module AutomationUtils (374)
[2020.04.13-06.18.14:994][322]LogModuleManager: Shutting down and abandoning module AlembicImporter (372)
[2020.04.13-06.18.14:994][322]LogModuleManager: Shutting down and abandoning module AlembicLibrary (371)
[2020.04.13-06.18.14:994][322]LogModuleManager: Shutting down and abandoning module GeometryCache (370)
[2020.04.13-06.18.14:994][322]LogModuleManager: Shutting down and abandoning module GeometryCacheEd (369)
[2020.04.13-06.18.14:994][322]LogModuleManager: Shutting down and abandoning module VariantManagerContent (364)
[2020.04.13-06.18.14:994][322]LogModuleManager: Shutting down and abandoning module DatasmithContentEditor (362)
[2020.04.13-06.18.14:994][322]LogModuleManager: Shutting down and abandoning module SpeedTreeImporter (360)
[2020.04.13-06.18.14:994][322]LogModuleManager: Shutting down and abandoning module PluginBrowser (358)
[2020.04.13-06.18.14:994][322]LogModuleManager: Shutting down and abandoning module MobileLauncherProfileWizard (356)
[2020.04.13-06.18.14:994][322]LogModuleManager: Shutting down and abandoning module MaterialAnalyzer (354)
[2020.04.13-06.18.14:994][322]LogModuleManager: Shutting down and abandoning module EditorScriptingUtilities (352)
[2020.04.13-06.18.14:994][322]LogModuleManager: Shutting down and abandoning module CurveEditorTools (350)
[2020.04.13-06.18.14:994][322]LogModuleManager: Shutting down and abandoning module CurveEditor (349)
[2020.04.13-06.18.14:994][322]LogModuleManager: Shutting down and abandoning module CryptoKeysOpenSSL (346)
[2020.04.13-06.18.14:994][322]LogModuleManager: Shutting down and abandoning module CryptoKeys (344)
[2020.04.13-06.18.14:994][322]LogModuleManager: Shutting down and abandoning module VisualStudioSourceCodeAccess (342)
[2020.04.13-06.18.14:994][322]LogModuleManager: Shutting down and abandoning module VisualStudioCodeSourceCodeAccess (340)
[2020.04.13-06.18.14:994][322]LogModuleManager: Shutting down and abandoning module UObjectPlugin (338)
[2020.04.13-06.18.14:994][322]LogModuleManager: Shutting down and abandoning module SubversionSourceControl (336)
[2020.04.13-06.18.14:994][322]LogModuleManager: Shutting down and abandoning module PerforceSourceControl (334)
[2020.04.13-06.18.14:994][322]LogModuleManager: Shutting down and abandoning module GitSourceControl (332)
[2020.04.13-06.18.14:994][322]LogModuleManager: Shutting down and abandoning module SourceControl (331)
[2020.04.13-06.18.14:994][322]LogModuleManager: Shutting down and abandoning module CLionSourceCodeAccess (328)
[2020.04.13-06.18.14:994][322]LogModuleManager: Shutting down and abandoning module AnimationSharingEd (326)
[2020.04.13-06.18.14:994][322]LogModuleManager: Shutting down and abandoning module ActorLayerUtilitiesEditor (324)
[2020.04.13-06.18.14:994][322]LogModuleManager: Shutting down and abandoning module ActorLayerUtilities (322)
[2020.04.13-06.18.14:994][322]LogModuleManager: Shutting down and abandoning module LightPropagationVolumeEditor (320)
[2020.04.13-06.18.14:994][322]LogModuleManager: Shutting down and abandoning module PaperTiledImporter (318)
[2020.04.13-06.18.14:994][322]LogModuleManager: Shutting down and abandoning module PaperSpriteSheetImporter (316)
[2020.04.13-06.18.14:994][322]LogModuleManager: Shutting down and abandoning module Paper2DEditor (314)
[2020.04.13-06.18.14:995][322]LogModuleManager: Shutting down and abandoning module SignificanceManager (312)
[2020.04.13-06.18.14:995][322]LogModuleManager: Shutting down and abandoning module RuntimePhysXCooking (310)
[2020.04.13-06.18.14:995][322]LogModuleManager: Shutting down and abandoning module PhysXVehiclesEditor (308)
[2020.04.13-06.18.14:995][322]LogModuleManager: Shutting down and abandoning module LocationServicesBPLibrary (304)
[2020.04.13-06.18.14:995][322]LogModuleManager: Shutting down and abandoning module ActorSequence (302)
[2020.04.13-06.18.14:995][322]LogModuleManager: Shutting down and abandoning module UdpMessaging (300)
[2020.04.13-06.18.15:096][322]LogModuleManager: Shutting down and abandoning module TcpMessaging (298)
[2020.04.13-06.18.15:197][322]LogModuleManager: Shutting down and abandoning module MagicLeapIdentity (296)
[2020.04.13-06.18.15:197][322]LogModuleManager: Shutting down and abandoning module MagicLeapSecureStorage (294)
[2020.04.13-06.18.15:197][322]LogModuleManager: Shutting down and abandoning module MagicLeapHandTracking (292)
[2020.04.13-06.18.15:197][322]LogModuleManager: Shutting down and abandoning module MagicLeapEyeTracker (290)
[2020.04.13-06.18.15:197][322]LogModuleManager: Shutting down and abandoning module MagicLeapController (288)
[2020.04.13-06.18.15:197][322]LogSlate: Slate User Destroyed.  User Index 0, Is Virtual User: 0
[2020.04.13-06.18.15:197][322]LogModuleManager: Shutting down and abandoning module MagicLeapAR (286)
[2020.04.13-06.18.15:197][322]LogModuleManager: Shutting down and abandoning module AugmentedReality (285)
[2020.04.13-06.18.15:197][322]LogModuleManager: Shutting down and abandoning module PythonScriptPlugin (282)
[2020.04.13-06.18.15:197][322]LogModuleManager: Shutting down and abandoning module GameplayTagsEditor (280)
[2020.04.13-06.18.15:197][322]LogModuleManager: Shutting down and abandoning module FacialAnimationEditor (278)
[2020.04.13-06.18.15:197][322]LogModuleManager: Shutting down and abandoning module FacialAnimation (276)
[2020.04.13-06.18.15:197][322]LogModuleManager: Shutting down and abandoning module DataValidation (274)
[2020.04.13-06.18.15:197][322]LogModuleManager: Shutting down and abandoning module AssetManagerEditor (272)
[2020.04.13-06.18.15:197][322]LogModuleManager: Shutting down and abandoning module LevelEditor (271)
[2020.04.13-06.18.15:198][322]LogModuleManager: Shutting down and abandoning module PixelInspectorModule (270)
[2020.04.13-06.18.15:198][322]LogModuleManager: Shutting down and abandoning module CommonMenuExtensions (268)
[2020.04.13-06.18.15:198][322]LogModuleManager: Shutting down and abandoning module MainFrame (266)
[2020.04.13-06.18.15:198][322]LogModuleManager: Shutting down and abandoning module HotReload (265)
[2020.04.13-06.18.15:199][322]LogModuleManager: Shutting down and abandoning module ContentBrowser (261)
[2020.04.13-06.18.15:200][322]LogModuleManager: Shutting down and abandoning module TreeMap (259)
[2020.04.13-06.18.15:200][322]LogModuleManager: Shutting down and abandoning module AnimationSharing (256)
[2020.04.13-06.18.15:200][322]LogModuleManager: Shutting down and abandoning module LightPropagationVolumeRuntime (254)
[2020.04.13-06.18.15:200][322]LogModuleManager: Shutting down and abandoning module Paper2D (252)
[2020.04.13-06.18.15:200][322]LogModuleManager: Shutting down and abandoning module WindowsMoviePlayer (250)
[2020.04.13-06.18.15:201][322]LogModuleManager: Shutting down and abandoning module WebMMoviePlayer (248)
[2020.04.13-06.18.15:201][322]LogModuleManager: Shutting down and abandoning module NetworkReplayStreaming (246)
[2020.04.13-06.18.15:201][322]LogModuleManager: Shutting down and abandoning module PacketHandler (244)
[2020.04.13-06.18.15:201][322]LogModuleManager: Shutting down and abandoning module ClothingSystemEditor (242)
[2020.04.13-06.18.15:201][322]LogModuleManager: Shutting down and abandoning module ClothingSystemRuntime (240)
[2020.04.13-06.18.15:201][322]LogModuleManager: Shutting down and abandoning module MediaAssets (238)
[2020.04.13-06.18.15:201][322]LogModuleManager: Shutting down and abandoning module Overlay (236)
[2020.04.13-06.18.15:201][322]LogModuleManager: Shutting down and abandoning module OverlayEditor (235)
[2020.04.13-06.18.15:201][322]LogModuleManager: Shutting down and abandoning module VREditor (232)
[2020.04.13-06.18.15:201][322]LogModuleManager: Shutting down and abandoning module StringTableEditor (230)
[2020.04.13-06.18.15:201][322]LogModuleManager: Shutting down and abandoning module GameplayTasksEditor (228)
[2020.04.13-06.18.15:201][322]LogModuleManager: Shutting down and abandoning module BehaviorTreeEditor (226)
[2020.04.13-06.18.15:202][322]LogModuleManager: Shutting down and abandoning module FunctionalTesting (224)
[2020.04.13-06.18.15:202][322]LogModuleManager: Shutting down and abandoning module CollisionAnalyzer (222)
[2020.04.13-06.18.15:202][322]LogModuleManager: Shutting down and abandoning module WorkspaceMenuStructure (221)
[2020.04.13-06.18.15:202][322]LogModuleManager: Shutting down and abandoning module UMG (218)
[2020.04.13-06.18.15:202][322]LogModuleManager: Shutting down and abandoning module UMGEditor (217)
[2020.04.13-06.18.15:202][322]LogModuleManager: Shutting down and abandoning module Sequencer (216)
[2020.04.13-06.18.15:202][322]LogModuleManager: Shutting down and abandoning module MessageLog (213)
[2020.04.13-06.18.15:202][322]LogModuleManager: Shutting down and abandoning module SlateReflector (208)
[2020.04.13-06.18.15:202][322]LogModuleManager: Shutting down and abandoning module Slate (206)
[2020.04.13-06.18.15:202][322]LogModuleManager: Shutting down and abandoning module LandscapeEditorUtilities (204)
[2020.04.13-06.18.15:202][322]LogModuleManager: Shutting down and abandoning module EditorStyle (202)
[2020.04.13-06.18.15:203][322]LogModuleManager: Shutting down and abandoning module UnrealEd (200)
[2020.04.13-06.18.15:203][322]LogModuleManager: Shutting down and abandoning module MRMesh (198)
[2020.04.13-06.18.15:203][322]LogModuleManager: Shutting down and abandoning module SourceCodeAccess (196)
[2020.04.13-06.18.15:203][322]LogModuleManager: Shutting down and abandoning module HeadMountedDisplay (194)
[2020.04.13-06.18.15:203][322]LogModuleManager: Shutting down and abandoning module XAudio2 (192)
[2020.04.13-06.18.15:203][322]LogModuleManager: Shutting down and abandoning module Networking (190)
[2020.04.13-06.18.15:203][322]LogModuleManager: Shutting down and abandoning module Core (188)
[2020.04.13-06.18.15:203][322]LogModuleManager: Shutting down and abandoning module KismetCompiler (186)
[2020.04.13-06.18.15:203][322]LogModuleManager: Shutting down and abandoning module MeshUtilities (184)
[2020.04.13-06.18.15:203][322]LogModuleManager: Shutting down and abandoning module MeshMergeUtilities (183)
[2020.04.13-06.18.15:203][322]LogModuleManager: Shutting down and abandoning module MeshReductionInterface (182)
[2020.04.13-06.18.15:203][322]LogModuleManager: Shutting down and abandoning module SkeletalMeshReduction (181)
[2020.04.13-06.18.15:203][322]LogModuleManager: Shutting down and abandoning module ProxyLODMeshReduction (179)
[2020.04.13-06.18.15:203][322]LogModuleManager: Shutting down and abandoning module QuadricMeshReduction (177)
[2020.04.13-06.18.15:203][322]LogModuleManager: Shutting down and abandoning module MaterialBaking (173)
[2020.04.13-06.18.15:203][322]LogModuleManager: Shutting down and abandoning module NullInstallBundleManager (168)
[2020.04.13-06.18.15:203][322]LogModuleManager: Shutting down and abandoning module DerivedDataCache (166)
[2020.04.13-06.18.15:317][322]LogDerivedDataCache: Shutdown
[2020.04.13-06.18.15:317][322]LogModuleManager: Shutting down and abandoning module XGEController (164)
[2020.04.13-06.18.15:317][322]LogXGEController: Cleaning working directory: C:/Users/20109/AppData/Local/Temp/UnrealXGEWorkingDir/
[2020.04.13-06.18.15:317][322]LogModuleManager: Shutting down and abandoning module TargetPlatform (162)
[2020.04.13-06.18.15:317][322]LogModuleManager: Shutting down and abandoning module VulkanShaderFormat (161)
[2020.04.13-06.18.15:317][322]LogModuleManager: Shutting down and abandoning module ShaderFormatVectorVM (159)
[2020.04.13-06.18.15:317][322]LogModuleManager: Shutting down and abandoning module ShaderFormatOpenGL (157)
[2020.04.13-06.18.15:317][322]LogModuleManager: Shutting down and abandoning module ShaderFormatD3D (155)
[2020.04.13-06.18.15:317][322]LogModuleManager: Shutting down and abandoning module MetalShaderFormat (153)
[2020.04.13-06.18.15:317][322]LogModuleManager: Shutting down and abandoning module TextureFormatUncompressed (151)
[2020.04.13-06.18.15:317][322]LogModuleManager: Shutting down and abandoning module TextureFormatPVR (149)
[2020.04.13-06.18.15:317][322]LogModuleManager: Shutting down and abandoning module TextureFormatDXT (147)
[2020.04.13-06.18.15:317][322]LogModuleManager: Shutting down and abandoning module TextureFormatIntelISPCTexComp (145)
[2020.04.13-06.18.15:317][322]LogModuleManager: Shutting down and abandoning module TextureFormatASTC (143)
[2020.04.13-06.18.15:318][322]LogModuleManager: Shutting down and abandoning module ImageWrapper (142)
[2020.04.13-06.18.15:318][322]LogModuleManager: Shutting down and abandoning module TextureFormatAndroid (139)
[2020.04.13-06.18.15:318][322]LogModuleManager: Shutting down and abandoning module AudioFormatOpus (137)
[2020.04.13-06.18.15:318][322]LogModuleManager: Shutting down and abandoning module AudioFormatOgg (135)
[2020.04.13-06.18.15:318][322]LogModuleManager: Shutting down and abandoning module AudioFormatADPCM (133)
[2020.04.13-06.18.15:318][322]LogModuleManager: Shutting down and abandoning module LuminTargetPlatform (131)
[2020.04.13-06.18.15:318][322]LogModuleManager: Shutting down and abandoning module LinuxTargetPlatform (129)
[2020.04.13-06.18.15:318][322]LogModuleManager: Shutting down and abandoning module LinuxServerTargetPlatform (127)
[2020.04.13-06.18.15:318][322]LogModuleManager: Shutting down and abandoning module LinuxNoEditorTargetPlatform (125)
[2020.04.13-06.18.15:318][322]LogModuleManager: Shutting down and abandoning module LinuxClientTargetPlatform (123)
[2020.04.13-06.18.15:318][322]LogModuleManager: Shutting down and abandoning module TVOSTargetPlatform (121)
[2020.04.13-06.18.15:319][322]LogModuleManager: Shutting down and abandoning module Messaging (119)
[2020.04.13-06.18.15:319][322]LogModuleManager: Shutting down and abandoning module IOSTargetPlatform (117)
[2020.04.13-06.18.15:319][322]LogModuleManager: Shutting down and abandoning module HTML5TargetPlatform (115)
[2020.04.13-06.18.15:319][322]LogModuleManager: Shutting down and abandoning module AndroidTargetPlatform (113)
[2020.04.13-06.18.15:324][322]LogModuleManager: Shutting down and abandoning module WindowsTargetPlatform (111)
[2020.04.13-06.18.15:324][322]LogModuleManager: Shutting down and abandoning module WindowsServerTargetPlatform (109)
[2020.04.13-06.18.15:324][322]LogModuleManager: Shutting down and abandoning module WindowsNoEditorTargetPlatform (107)
[2020.04.13-06.18.15:324][322]LogModuleManager: Shutting down and abandoning module WindowsClientTargetPlatform (105)
[2020.04.13-06.18.15:324][322]LogModuleManager: Shutting down and abandoning module MacTargetPlatform (103)
[2020.04.13-06.18.15:324][322]LogModuleManager: Shutting down and abandoning module MacServerTargetPlatform (101)
[2020.04.13-06.18.15:324][322]LogModuleManager: Shutting down and abandoning module MacNoEditorTargetPlatform (99)
[2020.04.13-06.18.15:324][322]LogModuleManager: Shutting down and abandoning module MacClientTargetPlatform (97)
[2020.04.13-06.18.15:324][322]LogModuleManager: Shutting down and abandoning module AllDesktopTargetPlatform (95)
[2020.04.13-06.18.15:324][322]LogModuleManager: Shutting down and abandoning module InputCore (92)
[2020.04.13-06.18.15:324][322]LogModuleManager: Shutting down and abandoning module Settings (90)
[2020.04.13-06.18.15:324][322]LogModuleManager: Shutting down and abandoning module DirectoryWatcher (88)
[2020.04.13-06.18.15:325][322]LogModuleManager: Shutting down and abandoning module PhysXCooking (86)
[2020.04.13-06.18.15:325][322]LogModuleManager: Shutting down and abandoning module WindowsPlatformFeatures (84)
[2020.04.13-06.18.15:325][322]LogModuleManager: Shutting down and abandoning module GameplayMediaEncoder (83)
[2020.04.13-06.18.15:325][322]LogModuleManager: Shutting down and abandoning module SteamVR (80)
[2020.04.13-06.18.15:325][322]LogHMD: Freeing OpenVRDLLHandle.
[2020.04.13-06.18.15:325][322]LogModuleManager: Shutting down and abandoning module OculusHMD (78)
[2020.04.13-06.18.15:325][322]LogModuleManager: Shutting down and abandoning module ExampleDeviceProfileSelector (76)
[2020.04.13-06.18.15:325][322]LogModuleManager: Shutting down and abandoning module LauncherChunkInstaller (74)
[2020.04.13-06.18.15:325][322]LogModuleManager: Shutting down and abandoning module OnlineBlueprintSupport (72)
[2020.04.13-06.18.15:325][322]LogModuleManager: Shutting down and abandoning module OnlineSubsystem (68)
[2020.04.13-06.18.15:326][322]LogModuleManager: Shutting down and abandoning module XMPP (63)
[2020.04.13-06.18.15:326][322]LogModuleManager: Shutting down and abandoning module WebSockets (62)
[2020.04.13-06.18.15:336][322]LogModuleManager: Shutting down and abandoning module HTTP (59)
[2020.04.13-06.18.15:336][322]LogHttp: Display: Http module shutting down, but needs to wait on 1 outstanding Http requests:
[2020.04.13-06.18.15:336][322]LogHttp: Display: 	verb=[POST] url=[https://datarouter.ol.epicgames.com/datarouter/api/v1/public/data?SessionID=%7B04B155DD-40EF-301A-F91D-2E9FD9CAF643%7D&AppID=UEEditor.Rocket.Release&AppVersion=4.23.1-9631420%2B%2B%2BUE4%2BRelease-4.23&UserID=a4076a4045a8bff051b3b3a29429379a%7Cd5327e29ee8247828f667e36a70dc506%7Ccf22dee9-7e2a-4a42-9070-9f3ea2553627&AppEnvironment=datacollector-binary&UploadType=eteventstream] status=Processing
[2020.04.13-06.18.15:367][322]LogModuleManager: Shutting down and abandoning module SSL (58)
[2020.04.13-06.18.15:368][322]LogModuleManager: Shutting down and abandoning module WmfMedia (54)
[2020.04.13-06.18.15:369][322]LogModuleManager: Shutting down and abandoning module Media (53)
[2020.04.13-06.18.15:369][322]LogModuleManager: Shutting down and abandoning module MagicLeap (50)
[2020.04.13-06.18.15:369][322]LogModuleManager: Shutting down and abandoning module DatasmithContent (48)
[2020.04.13-06.18.15:370][322]LogModuleManager: Shutting down and abandoning module AISupportModule (46)
[2020.04.13-06.18.15:370][322]LogModuleManager: Shutting down and abandoning module PythonScriptPluginPreload (44)
[2020.04.13-06.18.15:370][322]LogModuleManager: Shutting down and abandoning module PlatformCryptoOpenSSL (42)
[2020.04.13-06.18.15:370][322]LogModuleManager: Shutting down and abandoning module PlatformCrypto (40)
[2020.04.13-06.18.15:370][322]LogModuleManager: Shutting down and abandoning module AnimationModifiers (38)
[2020.04.13-06.18.15:370][322]LogModuleManager: Shutting down and abandoning module PropertyEditor (37)
[2020.04.13-06.18.15:370][322]LogModuleManager: Shutting down and abandoning module AudioEditor (34)
[2020.04.13-06.18.15:370][322]LogModuleManager: Shutting down and abandoning module TextureCompressor (32)
[2020.04.13-06.18.15:370][322]LogModuleManager: Shutting down and abandoning module RenderCore (30)
[2020.04.13-06.18.15:370][322]LogModuleManager: Shutting down and abandoning module Landscape (28)
[2020.04.13-06.18.15:370][322]LogModuleManager: Shutting down and abandoning module SlateRHIRenderer (26)
[2020.04.13-06.18.15:371][322]LogModuleManager: Shutting down and abandoning module OpenGLDrv (24)
[2020.04.13-06.18.15:371][322]LogModuleManager: Shutting down and abandoning module D3D11RHI (22)
[2020.04.13-06.18.15:371][322]LogModuleManager: Shutting down and abandoning module AnimGraphRuntime (20)
[2020.04.13-06.18.15:371][322]LogModuleManager: Shutting down and abandoning module Renderer (18)
[2020.04.13-06.18.15:371][322]LogModuleManager: Shutting down and abandoning module Engine (16)
[2020.04.13-06.18.15:371][322]LogModuleManager: Shutting down and abandoning module CoreUObject (14)
[2020.04.13-06.18.15:371][322]LogModuleManager: Shutting down and abandoning module NetworkFile (12)
[2020.04.13-06.18.15:371][322]LogModuleManager: Shutting down and abandoning module CookedIterativeFile (10)
[2020.04.13-06.18.15:371][322]LogModuleManager: Shutting down and abandoning module StreamingFile (8)
[2020.04.13-06.18.15:371][322]LogModuleManager: Shutting down and abandoning module SandboxFile (6)
[2020.04.13-06.18.15:371][322]LogModuleManager: Shutting down and abandoning module PakFile (4)
[2020.04.13-06.18.15:371][322]LogModuleManager: Shutting down and abandoning module RSA (3)
[2020.04.13-06.18.15:372][322]LogD3D11RHI: Shutdown
[2020.04.13-06.18.15:372][322]LogD3D11RHI: CleanupD3DDevice
[2020.04.13-06.18.15:372][322]LogRendererCore: FGlobalDynamicReadBuffer::Cleanup()
[2020.04.13-06.18.15:372][322]LogRendererCore: FGlobalDynamicReadBuffer::Cleanup()
[2020.04.13-06.18.15:372][322]LogRendererCore: FGlobalDynamicReadBuffer::Cleanup()
[2020.04.13-06.18.15:459][322]LogD3D11RHI: ~FD3D11DynamicRHI
[2020.04.13-06.18.15:471][322]LogExit: Exiting.
[2020.04.13-06.18.15:473][322]Log file closed, 04/13/20 08:18:15
